<?xml version="1.0" encoding="UTF-8"?>
<testsuite xmlns:xsi="http://www.w3.org/2001/XMLSchema-instance" xsi:noNamespaceSchemaLocation="https://maven.apache.org/surefire/maven-surefire-plugin/xsd/surefire-test-report-3.0.xsd" version="3.0" name="com.dms.variant.controllers.AssociatesControllerIntegrationTests" time="3.456" tests="14" errors="0" skipped="0" failures="0">
  <properties>
[...]
</properties>
  <testcase name="testThatFullUpdateUpdatesExistingAssociates" classname="com.dms.variant.controllers.AssociatesControllerIntegrationTests" time="0.015">
    <system-out><![CDATA[2024-02-04T16:45:45.837-05:00  INFO 21079 --- [           main] t.c.s.AnnotationConfigContextLoaderUtils : Could not detect default configuration classes for test class [com.dms.variant.controllers.AssociatesControllerIntegrationTests]: AssociatesControllerIntegrationTests does not declare any static, non-private, non-final, nested classes annotated with @Configuration.
2024-02-04T16:45:45.839-05:00  INFO 21079 --- [           main] .b.t.c.SpringBootTestContextBootstrapper : Found @SpringBootConfiguration com.dms.variant.VariantApplication for test class com.dms.variant.controllers.AssociatesControllerIntegrationTests

  .   ____          _            __ _ _
 /\\ / ___'_ __ _ _(_)_ __  __ _ \ \ \ \
( ( )\___ | '_ | '_| | '_ \/ _` | \ \ \ \
 \\/  ___)| |_)| | | | | || (_| |  ) ) ) )
  '  |____| .__|_| |_|_| |_\__, | / / / /
 =========|_|==============|___/=/_/_/_/
 :: Spring Boot ::                (v3.2.1)

2024-02-04T16:45:45.847-05:00  INFO 21079 --- [           main] v.c.AssociatesControllerIntegrationTests : Starting AssociatesControllerIntegrationTests using Java 17.0.9 with PID 21079 (started by madhav in /home/madhav/Desktop/Variant/backend)
2024-02-04T16:45:45.847-05:00  INFO 21079 --- [           main] v.c.AssociatesControllerIntegrationTests : No active profile set, falling back to 1 default profile: "default"
2024-02-04T16:45:45.901-05:00  INFO 21079 --- [           main] .s.d.r.c.RepositoryConfigurationDelegate : Bootstrapping Spring Data JPA repositories in DEFAULT mode.
2024-02-04T16:45:45.908-05:00  INFO 21079 --- [           main] .s.d.r.c.RepositoryConfigurationDelegate : Finished Spring Data repository scanning in 6 ms. Found 12 JPA repository interfaces.
2024-02-04T16:45:45.938-05:00  INFO 21079 --- [           main] com.zaxxer.hikari.HikariDataSource       : HikariPool-145 - Starting...
2024-02-04T16:45:45.939-05:00  INFO 21079 --- [           main] com.zaxxer.hikari.pool.HikariPool        : HikariPool-145 - Added connection conn1290: url=jdbc:h2:mem:testdb user=SA
2024-02-04T16:45:45.939-05:00  INFO 21079 --- [           main] com.zaxxer.hikari.HikariDataSource       : HikariPool-145 - Start completed.
2024-02-04T16:45:45.940-05:00  INFO 21079 --- [           main] o.hibernate.jpa.internal.util.LogHelper  : HHH000204: Processing PersistenceUnitInfo [name: default]
2024-02-04T16:45:45.941-05:00  INFO 21079 --- [           main] o.h.c.internal.RegionFactoryInitiator    : HHH000026: Second-level cache disabled
2024-02-04T16:45:45.942-05:00  INFO 21079 --- [           main] o.s.o.j.p.SpringPersistenceUnitInfo      : No LoadTimeWeaver setup: ignoring JPA class transformer
2024-02-04T16:45:45.988-05:00  INFO 21079 --- [           main] o.h.e.t.j.p.i.JtaPlatformInitiator       : HHH000489: No JTA platform available (set 'hibernate.transaction.jta.platform' to enable JTA platform integration)
2024-02-04T16:45:45.990-05:00  INFO 21079 --- [           main] j.LocalContainerEntityManagerFactoryBean : Initialized JPA EntityManagerFactory for persistence unit 'default'
2024-02-04T16:45:46.030-05:00  WARN 21079 --- [           main] JpaBaseConfiguration$JpaWebConfiguration : spring.jpa.open-in-view is enabled by default. Therefore, database queries may be performed during view rendering. Explicitly configure spring.jpa.open-in-view to disable this warning
2024-02-04T16:45:46.070-05:00  INFO 21079 --- [           main] o.s.b.t.m.w.SpringBootMockServletContext : Initializing Spring TestDispatcherServlet ''
2024-02-04T16:45:46.070-05:00  INFO 21079 --- [           main] o.s.t.web.servlet.TestDispatcherServlet  : Initializing Servlet ''
2024-02-04T16:45:46.071-05:00  INFO 21079 --- [           main] o.s.t.web.servlet.TestDispatcherServlet  : Completed initialization in 1 ms
2024-02-04T16:45:46.074-05:00  INFO 21079 --- [           main] v.c.AssociatesControllerIntegrationTests : Started AssociatesControllerIntegrationTests in 0.233 seconds (process running for 56.399)
2024-02-04T16:45:46.088-05:00  INFO 21079 --- [           main] j.LocalContainerEntityManagerFactoryBean : Closing JPA EntityManagerFactory for persistence unit 'default'
2024-02-04T16:45:46.089-05:00  INFO 21079 --- [           main] com.zaxxer.hikari.HikariDataSource       : HikariPool-145 - Shutdown initiated...
2024-02-04T16:45:46.091-05:00  INFO 21079 --- [           main] com.zaxxer.hikari.HikariDataSource       : HikariPool-145 - Shutdown completed.
]]></system-out>
  </testcase>
  <testcase name="testThatDeleteAssociatesReturnsHttpStatus204ForNonExistingAssociates" classname="com.dms.variant.controllers.AssociatesControllerIntegrationTests" time="0.012">
    <system-out><![CDATA[
  .   ____          _            __ _ _
 /\\ / ___'_ __ _ _(_)_ __  __ _ \ \ \ \
( ( )\___ | '_ | '_| | '_ \/ _` | \ \ \ \
 \\/  ___)| |_)| | | | | || (_| |  ) ) ) )
  '  |____| .__|_| |_|_| |_\__, | / / / /
 =========|_|==============|___/=/_/_/_/
 :: Spring Boot ::                (v3.2.1)

2024-02-04T16:45:46.100-05:00  INFO 21079 --- [           main] v.c.AssociatesControllerIntegrationTests : Starting AssociatesControllerIntegrationTests using Java 17.0.9 with PID 21079 (started by madhav in /home/madhav/Desktop/Variant/backend)
2024-02-04T16:45:46.100-05:00  INFO 21079 --- [           main] v.c.AssociatesControllerIntegrationTests : No active profile set, falling back to 1 default profile: "default"
2024-02-04T16:45:46.149-05:00  INFO 21079 --- [           main] .s.d.r.c.RepositoryConfigurationDelegate : Bootstrapping Spring Data JPA repositories in DEFAULT mode.
2024-02-04T16:45:46.157-05:00  INFO 21079 --- [           main] .s.d.r.c.RepositoryConfigurationDelegate : Finished Spring Data repository scanning in 7 ms. Found 12 JPA repository interfaces.
2024-02-04T16:45:46.186-05:00  INFO 21079 --- [           main] com.zaxxer.hikari.HikariDataSource       : HikariPool-146 - Starting...
2024-02-04T16:45:46.186-05:00  INFO 21079 --- [           main] com.zaxxer.hikari.pool.HikariPool        : HikariPool-146 - Added connection conn1296: url=jdbc:h2:mem:testdb user=SA
2024-02-04T16:45:46.186-05:00  INFO 21079 --- [           main] com.zaxxer.hikari.HikariDataSource       : HikariPool-146 - Start completed.
2024-02-04T16:45:46.187-05:00  INFO 21079 --- [           main] o.hibernate.jpa.internal.util.LogHelper  : HHH000204: Processing PersistenceUnitInfo [name: default]
2024-02-04T16:45:46.188-05:00  INFO 21079 --- [           main] o.h.c.internal.RegionFactoryInitiator    : HHH000026: Second-level cache disabled
2024-02-04T16:45:46.189-05:00  INFO 21079 --- [           main] o.s.o.j.p.SpringPersistenceUnitInfo      : No LoadTimeWeaver setup: ignoring JPA class transformer
2024-02-04T16:45:46.233-05:00  INFO 21079 --- [           main] o.h.e.t.j.p.i.JtaPlatformInitiator       : HHH000489: No JTA platform available (set 'hibernate.transaction.jta.platform' to enable JTA platform integration)
2024-02-04T16:45:46.234-05:00  INFO 21079 --- [           main] j.LocalContainerEntityManagerFactoryBean : Initialized JPA EntityManagerFactory for persistence unit 'default'
2024-02-04T16:45:46.278-05:00  WARN 21079 --- [           main] JpaBaseConfiguration$JpaWebConfiguration : spring.jpa.open-in-view is enabled by default. Therefore, database queries may be performed during view rendering. Explicitly configure spring.jpa.open-in-view to disable this warning
2024-02-04T16:45:46.311-05:00  INFO 21079 --- [           main] o.s.b.t.m.w.SpringBootMockServletContext : Initializing Spring TestDispatcherServlet ''
2024-02-04T16:45:46.311-05:00  INFO 21079 --- [           main] o.s.t.web.servlet.TestDispatcherServlet  : Initializing Servlet ''
2024-02-04T16:45:46.311-05:00  INFO 21079 --- [           main] o.s.t.web.servlet.TestDispatcherServlet  : Completed initialization in 0 ms
2024-02-04T16:45:46.315-05:00  INFO 21079 --- [           main] v.c.AssociatesControllerIntegrationTests : Started AssociatesControllerIntegrationTests in 0.223 seconds (process running for 56.64)
2024-02-04T16:45:46.321-05:00  INFO 21079 --- [           main] j.LocalContainerEntityManagerFactoryBean : Closing JPA EntityManagerFactory for persistence unit 'default'
2024-02-04T16:45:46.322-05:00  INFO 21079 --- [           main] com.zaxxer.hikari.HikariDataSource       : HikariPool-146 - Shutdown initiated...
2024-02-04T16:45:46.328-05:00  INFO 21079 --- [           main] com.zaxxer.hikari.HikariDataSource       : HikariPool-146 - Shutdown completed.
]]></system-out>
  </testcase>
  <testcase name="testThatListAssociatesReturnsListOfAssociates" classname="com.dms.variant.controllers.AssociatesControllerIntegrationTests" time="0.019">
    <system-out><![CDATA[
  .   ____          _            __ _ _
 /\\ / ___'_ __ _ _(_)_ __  __ _ \ \ \ \
( ( )\___ | '_ | '_| | '_ \/ _` | \ \ \ \
 \\/  ___)| |_)| | | | | || (_| |  ) ) ) )
  '  |____| .__|_| |_|_| |_\__, | / / / /
 =========|_|==============|___/=/_/_/_/
 :: Spring Boot ::                (v3.2.1)

2024-02-04T16:45:46.335-05:00  INFO 21079 --- [           main] v.c.AssociatesControllerIntegrationTests : Starting AssociatesControllerIntegrationTests using Java 17.0.9 with PID 21079 (started by madhav in /home/madhav/Desktop/Variant/backend)
2024-02-04T16:45:46.335-05:00  INFO 21079 --- [           main] v.c.AssociatesControllerIntegrationTests : No active profile set, falling back to 1 default profile: "default"
2024-02-04T16:45:46.390-05:00  INFO 21079 --- [           main] .s.d.r.c.RepositoryConfigurationDelegate : Bootstrapping Spring Data JPA repositories in DEFAULT mode.
2024-02-04T16:45:46.397-05:00  INFO 21079 --- [           main] .s.d.r.c.RepositoryConfigurationDelegate : Finished Spring Data repository scanning in 6 ms. Found 12 JPA repository interfaces.
2024-02-04T16:45:46.428-05:00  INFO 21079 --- [           main] com.zaxxer.hikari.HikariDataSource       : HikariPool-147 - Starting...
2024-02-04T16:45:46.429-05:00  INFO 21079 --- [           main] com.zaxxer.hikari.pool.HikariPool        : HikariPool-147 - Added connection conn1301: url=jdbc:h2:mem:testdb user=SA
2024-02-04T16:45:46.429-05:00  INFO 21079 --- [           main] com.zaxxer.hikari.HikariDataSource       : HikariPool-147 - Start completed.
2024-02-04T16:45:46.430-05:00  INFO 21079 --- [           main] o.hibernate.jpa.internal.util.LogHelper  : HHH000204: Processing PersistenceUnitInfo [name: default]
2024-02-04T16:45:46.430-05:00  INFO 21079 --- [           main] o.h.c.internal.RegionFactoryInitiator    : HHH000026: Second-level cache disabled
2024-02-04T16:45:46.432-05:00  INFO 21079 --- [           main] o.s.o.j.p.SpringPersistenceUnitInfo      : No LoadTimeWeaver setup: ignoring JPA class transformer
2024-02-04T16:45:46.484-05:00  INFO 21079 --- [           main] o.h.e.t.j.p.i.JtaPlatformInitiator       : HHH000489: No JTA platform available (set 'hibernate.transaction.jta.platform' to enable JTA platform integration)
2024-02-04T16:45:46.486-05:00  INFO 21079 --- [           main] j.LocalContainerEntityManagerFactoryBean : Initialized JPA EntityManagerFactory for persistence unit 'default'
2024-02-04T16:45:46.527-05:00  WARN 21079 --- [           main] JpaBaseConfiguration$JpaWebConfiguration : spring.jpa.open-in-view is enabled by default. Therefore, database queries may be performed during view rendering. Explicitly configure spring.jpa.open-in-view to disable this warning
2024-02-04T16:45:46.566-05:00  INFO 21079 --- [           main] o.s.b.t.m.w.SpringBootMockServletContext : Initializing Spring TestDispatcherServlet ''
2024-02-04T16:45:46.566-05:00  INFO 21079 --- [           main] o.s.t.web.servlet.TestDispatcherServlet  : Initializing Servlet ''
2024-02-04T16:45:46.567-05:00  INFO 21079 --- [           main] o.s.t.web.servlet.TestDispatcherServlet  : Completed initialization in 1 ms
2024-02-04T16:45:46.570-05:00  INFO 21079 --- [           main] v.c.AssociatesControllerIntegrationTests : Started AssociatesControllerIntegrationTests in 0.241 seconds (process running for 56.895)
2024-02-04T16:45:46.582-05:00  INFO 21079 --- [           main] j.LocalContainerEntityManagerFactoryBean : Closing JPA EntityManagerFactory for persistence unit 'default'
2024-02-04T16:45:46.583-05:00  INFO 21079 --- [           main] com.zaxxer.hikari.HikariDataSource       : HikariPool-147 - Shutdown initiated...
2024-02-04T16:45:46.591-05:00  INFO 21079 --- [           main] com.zaxxer.hikari.HikariDataSource       : HikariPool-147 - Shutdown completed.
]]></system-out>
  </testcase>
  <testcase name="testThatGetAssociatesReturnsAssociatesWhenAssociatesExists" classname="com.dms.variant.controllers.AssociatesControllerIntegrationTests" time="0.01">
    <system-out><![CDATA[
  .   ____          _            __ _ _
 /\\ / ___'_ __ _ _(_)_ __  __ _ \ \ \ \
( ( )\___ | '_ | '_| | '_ \/ _` | \ \ \ \
 \\/  ___)| |_)| | | | | || (_| |  ) ) ) )
  '  |____| .__|_| |_|_| |_\__, | / / / /
 =========|_|==============|___/=/_/_/_/
 :: Spring Boot ::                (v3.2.1)

2024-02-04T16:45:46.599-05:00  INFO 21079 --- [           main] v.c.AssociatesControllerIntegrationTests : Starting AssociatesControllerIntegrationTests using Java 17.0.9 with PID 21079 (started by madhav in /home/madhav/Desktop/Variant/backend)
2024-02-04T16:45:46.600-05:00  INFO 21079 --- [           main] v.c.AssociatesControllerIntegrationTests : No active profile set, falling back to 1 default profile: "default"
2024-02-04T16:45:46.652-05:00  INFO 21079 --- [           main] .s.d.r.c.RepositoryConfigurationDelegate : Bootstrapping Spring Data JPA repositories in DEFAULT mode.
2024-02-04T16:45:46.659-05:00  INFO 21079 --- [           main] .s.d.r.c.RepositoryConfigurationDelegate : Finished Spring Data repository scanning in 6 ms. Found 12 JPA repository interfaces.
2024-02-04T16:45:46.687-05:00  INFO 21079 --- [           main] com.zaxxer.hikari.HikariDataSource       : HikariPool-148 - Starting...
2024-02-04T16:45:46.688-05:00  INFO 21079 --- [           main] com.zaxxer.hikari.pool.HikariPool        : HikariPool-148 - Added connection conn1308: url=jdbc:h2:mem:testdb user=SA
2024-02-04T16:45:46.688-05:00  INFO 21079 --- [           main] com.zaxxer.hikari.HikariDataSource       : HikariPool-148 - Start completed.
2024-02-04T16:45:46.689-05:00  INFO 21079 --- [           main] o.hibernate.jpa.internal.util.LogHelper  : HHH000204: Processing PersistenceUnitInfo [name: default]
2024-02-04T16:45:46.689-05:00  INFO 21079 --- [           main] o.h.c.internal.RegionFactoryInitiator    : HHH000026: Second-level cache disabled
2024-02-04T16:45:46.691-05:00  INFO 21079 --- [           main] o.s.o.j.p.SpringPersistenceUnitInfo      : No LoadTimeWeaver setup: ignoring JPA class transformer
2024-02-04T16:45:46.736-05:00  INFO 21079 --- [           main] o.h.e.t.j.p.i.JtaPlatformInitiator       : HHH000489: No JTA platform available (set 'hibernate.transaction.jta.platform' to enable JTA platform integration)
2024-02-04T16:45:46.738-05:00  INFO 21079 --- [           main] j.LocalContainerEntityManagerFactoryBean : Initialized JPA EntityManagerFactory for persistence unit 'default'
2024-02-04T16:45:46.782-05:00  WARN 21079 --- [           main] JpaBaseConfiguration$JpaWebConfiguration : spring.jpa.open-in-view is enabled by default. Therefore, database queries may be performed during view rendering. Explicitly configure spring.jpa.open-in-view to disable this warning
2024-02-04T16:45:46.815-05:00  INFO 21079 --- [           main] o.s.b.t.m.w.SpringBootMockServletContext : Initializing Spring TestDispatcherServlet ''
2024-02-04T16:45:46.815-05:00  INFO 21079 --- [           main] o.s.t.web.servlet.TestDispatcherServlet  : Initializing Servlet ''
2024-02-04T16:45:46.816-05:00  INFO 21079 --- [           main] o.s.t.web.servlet.TestDispatcherServlet  : Completed initialization in 1 ms
2024-02-04T16:45:46.819-05:00  INFO 21079 --- [           main] v.c.AssociatesControllerIntegrationTests : Started AssociatesControllerIntegrationTests in 0.227 seconds (process running for 57.144)
2024-02-04T16:45:46.828-05:00  INFO 21079 --- [           main] j.LocalContainerEntityManagerFactoryBean : Closing JPA EntityManagerFactory for persistence unit 'default'
2024-02-04T16:45:46.829-05:00  INFO 21079 --- [           main] com.zaxxer.hikari.HikariDataSource       : HikariPool-148 - Shutdown initiated...
2024-02-04T16:45:46.830-05:00  INFO 21079 --- [           main] com.zaxxer.hikari.HikariDataSource       : HikariPool-148 - Shutdown completed.
]]></system-out>
  </testcase>
  <testcase name="testThatDeleteAssociatesReturnsHttpStatus204ForExistingAssociates" classname="com.dms.variant.controllers.AssociatesControllerIntegrationTests" time="0.013">
    <system-out><![CDATA[
  .   ____          _            __ _ _
 /\\ / ___'_ __ _ _(_)_ __  __ _ \ \ \ \
( ( )\___ | '_ | '_| | '_ \/ _` | \ \ \ \
 \\/  ___)| |_)| | | | | || (_| |  ) ) ) )
  '  |____| .__|_| |_|_| |_\__, | / / / /
 =========|_|==============|___/=/_/_/_/
 :: Spring Boot ::                (v3.2.1)

2024-02-04T16:45:46.837-05:00  INFO 21079 --- [           main] v.c.AssociatesControllerIntegrationTests : Starting AssociatesControllerIntegrationTests using Java 17.0.9 with PID 21079 (started by madhav in /home/madhav/Desktop/Variant/backend)
2024-02-04T16:45:46.837-05:00  INFO 21079 --- [           main] v.c.AssociatesControllerIntegrationTests : No active profile set, falling back to 1 default profile: "default"
2024-02-04T16:45:46.889-05:00  INFO 21079 --- [           main] .s.d.r.c.RepositoryConfigurationDelegate : Bootstrapping Spring Data JPA repositories in DEFAULT mode.
2024-02-04T16:45:46.896-05:00  INFO 21079 --- [           main] .s.d.r.c.RepositoryConfigurationDelegate : Finished Spring Data repository scanning in 6 ms. Found 12 JPA repository interfaces.
2024-02-04T16:45:46.930-05:00  INFO 21079 --- [           main] com.zaxxer.hikari.HikariDataSource       : HikariPool-149 - Starting...
2024-02-04T16:45:46.931-05:00  INFO 21079 --- [           main] com.zaxxer.hikari.pool.HikariPool        : HikariPool-149 - Added connection conn1313: url=jdbc:h2:mem:testdb user=SA
2024-02-04T16:45:46.931-05:00  INFO 21079 --- [           main] com.zaxxer.hikari.HikariDataSource       : HikariPool-149 - Start completed.
2024-02-04T16:45:46.931-05:00  INFO 21079 --- [           main] o.hibernate.jpa.internal.util.LogHelper  : HHH000204: Processing PersistenceUnitInfo [name: default]
2024-02-04T16:45:46.932-05:00  INFO 21079 --- [           main] o.h.c.internal.RegionFactoryInitiator    : HHH000026: Second-level cache disabled
2024-02-04T16:45:46.933-05:00  INFO 21079 --- [           main] o.s.o.j.p.SpringPersistenceUnitInfo      : No LoadTimeWeaver setup: ignoring JPA class transformer
2024-02-04T16:45:46.984-05:00  INFO 21079 --- [           main] o.h.e.t.j.p.i.JtaPlatformInitiator       : HHH000489: No JTA platform available (set 'hibernate.transaction.jta.platform' to enable JTA platform integration)
2024-02-04T16:45:46.985-05:00  INFO 21079 --- [           main] j.LocalContainerEntityManagerFactoryBean : Initialized JPA EntityManagerFactory for persistence unit 'default'
2024-02-04T16:45:47.030-05:00  WARN 21079 --- [           main] JpaBaseConfiguration$JpaWebConfiguration : spring.jpa.open-in-view is enabled by default. Therefore, database queries may be performed during view rendering. Explicitly configure spring.jpa.open-in-view to disable this warning
2024-02-04T16:45:47.065-05:00  INFO 21079 --- [           main] o.s.b.t.m.w.SpringBootMockServletContext : Initializing Spring TestDispatcherServlet ''
2024-02-04T16:45:47.065-05:00  INFO 21079 --- [           main] o.s.t.web.servlet.TestDispatcherServlet  : Initializing Servlet ''
2024-02-04T16:45:47.066-05:00  INFO 21079 --- [           main] o.s.t.web.servlet.TestDispatcherServlet  : Completed initialization in 1 ms
2024-02-04T16:45:47.069-05:00  INFO 21079 --- [           main] v.c.AssociatesControllerIntegrationTests : Started AssociatesControllerIntegrationTests in 0.238 seconds (process running for 57.394)
2024-02-04T16:45:47.077-05:00  INFO 21079 --- [           main] j.LocalContainerEntityManagerFactoryBean : Closing JPA EntityManagerFactory for persistence unit 'default'
2024-02-04T16:45:47.077-05:00  INFO 21079 --- [           main] com.zaxxer.hikari.HikariDataSource       : HikariPool-149 - Shutdown initiated...
2024-02-04T16:45:47.082-05:00  INFO 21079 --- [           main] com.zaxxer.hikari.HikariDataSource       : HikariPool-149 - Shutdown completed.
]]></system-out>
  </testcase>
  <testcase name="testThatPartialUpdateAssociatesReturnsHttpStatus200WhenAssociatesExists" classname="com.dms.variant.controllers.AssociatesControllerIntegrationTests" time="0.019">
    <system-out><![CDATA[
  .   ____          _            __ _ _
 /\\ / ___'_ __ _ _(_)_ __  __ _ \ \ \ \
( ( )\___ | '_ | '_| | '_ \/ _` | \ \ \ \
 \\/  ___)| |_)| | | | | || (_| |  ) ) ) )
  '  |____| .__|_| |_|_| |_\__, | / / / /
 =========|_|==============|___/=/_/_/_/
 :: Spring Boot ::                (v3.2.1)

2024-02-04T16:45:47.091-05:00  INFO 21079 --- [           main] v.c.AssociatesControllerIntegrationTests : Starting AssociatesControllerIntegrationTests using Java 17.0.9 with PID 21079 (started by madhav in /home/madhav/Desktop/Variant/backend)
2024-02-04T16:45:47.091-05:00  INFO 21079 --- [           main] v.c.AssociatesControllerIntegrationTests : No active profile set, falling back to 1 default profile: "default"
2024-02-04T16:45:47.142-05:00  INFO 21079 --- [           main] .s.d.r.c.RepositoryConfigurationDelegate : Bootstrapping Spring Data JPA repositories in DEFAULT mode.
2024-02-04T16:45:47.149-05:00  INFO 21079 --- [           main] .s.d.r.c.RepositoryConfigurationDelegate : Finished Spring Data repository scanning in 6 ms. Found 12 JPA repository interfaces.
2024-02-04T16:45:47.177-05:00  INFO 21079 --- [           main] com.zaxxer.hikari.HikariDataSource       : HikariPool-150 - Starting...
2024-02-04T16:45:47.178-05:00  INFO 21079 --- [           main] com.zaxxer.hikari.pool.HikariPool        : HikariPool-150 - Added connection conn1319: url=jdbc:h2:mem:testdb user=SA
2024-02-04T16:45:47.178-05:00  INFO 21079 --- [           main] com.zaxxer.hikari.HikariDataSource       : HikariPool-150 - Start completed.
2024-02-04T16:45:47.179-05:00  INFO 21079 --- [           main] o.hibernate.jpa.internal.util.LogHelper  : HHH000204: Processing PersistenceUnitInfo [name: default]
2024-02-04T16:45:47.180-05:00  INFO 21079 --- [           main] o.h.c.internal.RegionFactoryInitiator    : HHH000026: Second-level cache disabled
2024-02-04T16:45:47.181-05:00  INFO 21079 --- [           main] o.s.o.j.p.SpringPersistenceUnitInfo      : No LoadTimeWeaver setup: ignoring JPA class transformer
2024-02-04T16:45:47.226-05:00  INFO 21079 --- [           main] o.h.e.t.j.p.i.JtaPlatformInitiator       : HHH000489: No JTA platform available (set 'hibernate.transaction.jta.platform' to enable JTA platform integration)
2024-02-04T16:45:47.228-05:00  INFO 21079 --- [           main] j.LocalContainerEntityManagerFactoryBean : Initialized JPA EntityManagerFactory for persistence unit 'default'
2024-02-04T16:45:47.272-05:00  WARN 21079 --- [           main] JpaBaseConfiguration$JpaWebConfiguration : spring.jpa.open-in-view is enabled by default. Therefore, database queries may be performed during view rendering. Explicitly configure spring.jpa.open-in-view to disable this warning
2024-02-04T16:45:47.306-05:00  INFO 21079 --- [           main] o.s.b.t.m.w.SpringBootMockServletContext : Initializing Spring TestDispatcherServlet ''
2024-02-04T16:45:47.306-05:00  INFO 21079 --- [           main] o.s.t.web.servlet.TestDispatcherServlet  : Initializing Servlet ''
2024-02-04T16:45:47.307-05:00  INFO 21079 --- [           main] o.s.t.web.servlet.TestDispatcherServlet  : Completed initialization in 1 ms
2024-02-04T16:45:47.310-05:00  INFO 21079 --- [           main] v.c.AssociatesControllerIntegrationTests : Started AssociatesControllerIntegrationTests in 0.227 seconds (process running for 57.635)
2024-02-04T16:45:47.321-05:00  INFO 21079 --- [           main] j.LocalContainerEntityManagerFactoryBean : Closing JPA EntityManagerFactory for persistence unit 'default'
2024-02-04T16:45:47.321-05:00  INFO 21079 --- [           main] com.zaxxer.hikari.HikariDataSource       : HikariPool-150 - Shutdown initiated...
2024-02-04T16:45:47.330-05:00  INFO 21079 --- [           main] com.zaxxer.hikari.HikariDataSource       : HikariPool-150 - Shutdown completed.
]]></system-out>
  </testcase>
  <testcase name="testThatGetAssociatesReturnsHttpStatus200WhenAssociatesExists" classname="com.dms.variant.controllers.AssociatesControllerIntegrationTests" time="0.016">
    <system-out><![CDATA[
  .   ____          _            __ _ _
 /\\ / ___'_ __ _ _(_)_ __  __ _ \ \ \ \
( ( )\___ | '_ | '_| | '_ \/ _` | \ \ \ \
 \\/  ___)| |_)| | | | | || (_| |  ) ) ) )
  '  |____| .__|_| |_|_| |_\__, | / / / /
 =========|_|==============|___/=/_/_/_/
 :: Spring Boot ::                (v3.2.1)

2024-02-04T16:45:47.338-05:00  INFO 21079 --- [           main] v.c.AssociatesControllerIntegrationTests : Starting AssociatesControllerIntegrationTests using Java 17.0.9 with PID 21079 (started by madhav in /home/madhav/Desktop/Variant/backend)
2024-02-04T16:45:47.338-05:00  INFO 21079 --- [           main] v.c.AssociatesControllerIntegrationTests : No active profile set, falling back to 1 default profile: "default"
2024-02-04T16:45:47.389-05:00  INFO 21079 --- [           main] .s.d.r.c.RepositoryConfigurationDelegate : Bootstrapping Spring Data JPA repositories in DEFAULT mode.
2024-02-04T16:45:47.396-05:00  INFO 21079 --- [           main] .s.d.r.c.RepositoryConfigurationDelegate : Finished Spring Data repository scanning in 7 ms. Found 12 JPA repository interfaces.
2024-02-04T16:45:47.426-05:00  INFO 21079 --- [           main] com.zaxxer.hikari.HikariDataSource       : HikariPool-151 - Starting...
2024-02-04T16:45:47.426-05:00  INFO 21079 --- [           main] com.zaxxer.hikari.pool.HikariPool        : HikariPool-151 - Added connection conn1325: url=jdbc:h2:mem:testdb user=SA
2024-02-04T16:45:47.427-05:00  INFO 21079 --- [           main] com.zaxxer.hikari.HikariDataSource       : HikariPool-151 - Start completed.
2024-02-04T16:45:47.427-05:00  INFO 21079 --- [           main] o.hibernate.jpa.internal.util.LogHelper  : HHH000204: Processing PersistenceUnitInfo [name: default]
2024-02-04T16:45:47.428-05:00  INFO 21079 --- [           main] o.h.c.internal.RegionFactoryInitiator    : HHH000026: Second-level cache disabled
2024-02-04T16:45:47.429-05:00  INFO 21079 --- [           main] o.s.o.j.p.SpringPersistenceUnitInfo      : No LoadTimeWeaver setup: ignoring JPA class transformer
2024-02-04T16:45:47.483-05:00  INFO 21079 --- [           main] o.h.e.t.j.p.i.JtaPlatformInitiator       : HHH000489: No JTA platform available (set 'hibernate.transaction.jta.platform' to enable JTA platform integration)
2024-02-04T16:45:47.485-05:00  INFO 21079 --- [           main] j.LocalContainerEntityManagerFactoryBean : Initialized JPA EntityManagerFactory for persistence unit 'default'
2024-02-04T16:45:47.523-05:00  WARN 21079 --- [           main] JpaBaseConfiguration$JpaWebConfiguration : spring.jpa.open-in-view is enabled by default. Therefore, database queries may be performed during view rendering. Explicitly configure spring.jpa.open-in-view to disable this warning
2024-02-04T16:45:47.558-05:00  INFO 21079 --- [           main] o.s.b.t.m.w.SpringBootMockServletContext : Initializing Spring TestDispatcherServlet ''
2024-02-04T16:45:47.558-05:00  INFO 21079 --- [           main] o.s.t.web.servlet.TestDispatcherServlet  : Initializing Servlet ''
2024-02-04T16:45:47.558-05:00  INFO 21079 --- [           main] o.s.t.web.servlet.TestDispatcherServlet  : Completed initialization in 0 ms
2024-02-04T16:45:47.562-05:00  INFO 21079 --- [           main] v.c.AssociatesControllerIntegrationTests : Started AssociatesControllerIntegrationTests in 0.231 seconds (process running for 57.887)
2024-02-04T16:45:47.570-05:00  INFO 21079 --- [           main] j.LocalContainerEntityManagerFactoryBean : Closing JPA EntityManagerFactory for persistence unit 'default'
2024-02-04T16:45:47.571-05:00  INFO 21079 --- [           main] com.zaxxer.hikari.HikariDataSource       : HikariPool-151 - Shutdown initiated...
2024-02-04T16:45:47.578-05:00  INFO 21079 --- [           main] com.zaxxer.hikari.HikariDataSource       : HikariPool-151 - Shutdown completed.
]]></system-out>
  </testcase>
  <testcase name="testThatPartialUpdateExistingAssociatesReturnsUpdatedAssociates" classname="com.dms.variant.controllers.AssociatesControllerIntegrationTests" time="0.019">
    <system-out><![CDATA[
  .   ____          _            __ _ _
 /\\ / ___'_ __ _ _(_)_ __  __ _ \ \ \ \
( ( )\___ | '_ | '_| | '_ \/ _` | \ \ \ \
 \\/  ___)| |_)| | | | | || (_| |  ) ) ) )
  '  |____| .__|_| |_|_| |_\__, | / / / /
 =========|_|==============|___/=/_/_/_/
 :: Spring Boot ::                (v3.2.1)

2024-02-04T16:45:47.586-05:00  INFO 21079 --- [           main] v.c.AssociatesControllerIntegrationTests : Starting AssociatesControllerIntegrationTests using Java 17.0.9 with PID 21079 (started by madhav in /home/madhav/Desktop/Variant/backend)
2024-02-04T16:45:47.586-05:00  INFO 21079 --- [           main] v.c.AssociatesControllerIntegrationTests : No active profile set, falling back to 1 default profile: "default"
2024-02-04T16:45:47.635-05:00  INFO 21079 --- [           main] .s.d.r.c.RepositoryConfigurationDelegate : Bootstrapping Spring Data JPA repositories in DEFAULT mode.
2024-02-04T16:45:47.642-05:00  INFO 21079 --- [           main] .s.d.r.c.RepositoryConfigurationDelegate : Finished Spring Data repository scanning in 6 ms. Found 12 JPA repository interfaces.
2024-02-04T16:45:47.669-05:00  INFO 21079 --- [           main] com.zaxxer.hikari.HikariDataSource       : HikariPool-152 - Starting...
2024-02-04T16:45:47.670-05:00  INFO 21079 --- [           main] com.zaxxer.hikari.pool.HikariPool        : HikariPool-152 - Added connection conn1331: url=jdbc:h2:mem:testdb user=SA
2024-02-04T16:45:47.670-05:00  INFO 21079 --- [           main] com.zaxxer.hikari.HikariDataSource       : HikariPool-152 - Start completed.
2024-02-04T16:45:47.671-05:00  INFO 21079 --- [           main] o.hibernate.jpa.internal.util.LogHelper  : HHH000204: Processing PersistenceUnitInfo [name: default]
2024-02-04T16:45:47.672-05:00  INFO 21079 --- [           main] o.h.c.internal.RegionFactoryInitiator    : HHH000026: Second-level cache disabled
2024-02-04T16:45:47.673-05:00  INFO 21079 --- [           main] o.s.o.j.p.SpringPersistenceUnitInfo      : No LoadTimeWeaver setup: ignoring JPA class transformer
2024-02-04T16:45:47.716-05:00  INFO 21079 --- [           main] o.h.e.t.j.p.i.JtaPlatformInitiator       : HHH000489: No JTA platform available (set 'hibernate.transaction.jta.platform' to enable JTA platform integration)
2024-02-04T16:45:47.717-05:00  INFO 21079 --- [           main] j.LocalContainerEntityManagerFactoryBean : Initialized JPA EntityManagerFactory for persistence unit 'default'
2024-02-04T16:45:47.756-05:00  WARN 21079 --- [           main] JpaBaseConfiguration$JpaWebConfiguration : spring.jpa.open-in-view is enabled by default. Therefore, database queries may be performed during view rendering. Explicitly configure spring.jpa.open-in-view to disable this warning
2024-02-04T16:45:47.787-05:00  INFO 21079 --- [           main] o.s.b.t.m.w.SpringBootMockServletContext : Initializing Spring TestDispatcherServlet ''
2024-02-04T16:45:47.788-05:00  INFO 21079 --- [           main] o.s.t.web.servlet.TestDispatcherServlet  : Initializing Servlet ''
2024-02-04T16:45:47.788-05:00  INFO 21079 --- [           main] o.s.t.web.servlet.TestDispatcherServlet  : Completed initialization in 0 ms
2024-02-04T16:45:47.791-05:00  INFO 21079 --- [           main] v.c.AssociatesControllerIntegrationTests : Started AssociatesControllerIntegrationTests in 0.211 seconds (process running for 58.116)
2024-02-04T16:45:47.802-05:00  INFO 21079 --- [           main] j.LocalContainerEntityManagerFactoryBean : Closing JPA EntityManagerFactory for persistence unit 'default'
2024-02-04T16:45:47.803-05:00  INFO 21079 --- [           main] com.zaxxer.hikari.HikariDataSource       : HikariPool-152 - Shutdown initiated...
2024-02-04T16:45:47.812-05:00  INFO 21079 --- [           main] com.zaxxer.hikari.HikariDataSource       : HikariPool-152 - Shutdown completed.
]]></system-out>
  </testcase>
  <testcase name="testThatFullUpdateAssociatesReturnsHttpStatus200WhenAssociatesExists" classname="com.dms.variant.controllers.AssociatesControllerIntegrationTests" time="0.018">
    <system-out><![CDATA[
  .   ____          _            __ _ _
 /\\ / ___'_ __ _ _(_)_ __  __ _ \ \ \ \
( ( )\___ | '_ | '_| | '_ \/ _` | \ \ \ \
 \\/  ___)| |_)| | | | | || (_| |  ) ) ) )
  '  |____| .__|_| |_|_| |_\__, | / / / /
 =========|_|==============|___/=/_/_/_/
 :: Spring Boot ::                (v3.2.1)

2024-02-04T16:45:47.819-05:00  INFO 21079 --- [           main] v.c.AssociatesControllerIntegrationTests : Starting AssociatesControllerIntegrationTests using Java 17.0.9 with PID 21079 (started by madhav in /home/madhav/Desktop/Variant/backend)
2024-02-04T16:45:47.819-05:00  INFO 21079 --- [           main] v.c.AssociatesControllerIntegrationTests : No active profile set, falling back to 1 default profile: "default"
2024-02-04T16:45:47.868-05:00  INFO 21079 --- [           main] .s.d.r.c.RepositoryConfigurationDelegate : Bootstrapping Spring Data JPA repositories in DEFAULT mode.
2024-02-04T16:45:47.874-05:00  INFO 21079 --- [           main] .s.d.r.c.RepositoryConfigurationDelegate : Finished Spring Data repository scanning in 6 ms. Found 12 JPA repository interfaces.
2024-02-04T16:45:47.902-05:00  INFO 21079 --- [           main] com.zaxxer.hikari.HikariDataSource       : HikariPool-153 - Starting...
2024-02-04T16:45:47.902-05:00  INFO 21079 --- [           main] com.zaxxer.hikari.pool.HikariPool        : HikariPool-153 - Added connection conn1336: url=jdbc:h2:mem:testdb user=SA
2024-02-04T16:45:47.902-05:00  INFO 21079 --- [           main] com.zaxxer.hikari.HikariDataSource       : HikariPool-153 - Start completed.
2024-02-04T16:45:47.903-05:00  INFO 21079 --- [           main] o.hibernate.jpa.internal.util.LogHelper  : HHH000204: Processing PersistenceUnitInfo [name: default]
2024-02-04T16:45:47.904-05:00  INFO 21079 --- [           main] o.h.c.internal.RegionFactoryInitiator    : HHH000026: Second-level cache disabled
2024-02-04T16:45:47.905-05:00  INFO 21079 --- [           main] o.s.o.j.p.SpringPersistenceUnitInfo      : No LoadTimeWeaver setup: ignoring JPA class transformer
2024-02-04T16:45:47.953-05:00  INFO 21079 --- [           main] o.h.e.t.j.p.i.JtaPlatformInitiator       : HHH000489: No JTA platform available (set 'hibernate.transaction.jta.platform' to enable JTA platform integration)
2024-02-04T16:45:47.954-05:00  INFO 21079 --- [           main] j.LocalContainerEntityManagerFactoryBean : Initialized JPA EntityManagerFactory for persistence unit 'default'
2024-02-04T16:45:47.990-05:00  WARN 21079 --- [           main] JpaBaseConfiguration$JpaWebConfiguration : spring.jpa.open-in-view is enabled by default. Therefore, database queries may be performed during view rendering. Explicitly configure spring.jpa.open-in-view to disable this warning
2024-02-04T16:45:48.021-05:00  INFO 21079 --- [           main] o.s.b.t.m.w.SpringBootMockServletContext : Initializing Spring TestDispatcherServlet ''
2024-02-04T16:45:48.021-05:00  INFO 21079 --- [           main] o.s.t.web.servlet.TestDispatcherServlet  : Initializing Servlet ''
2024-02-04T16:45:48.022-05:00  INFO 21079 --- [           main] o.s.t.web.servlet.TestDispatcherServlet  : Completed initialization in 1 ms
2024-02-04T16:45:48.025-05:00  INFO 21079 --- [           main] v.c.AssociatesControllerIntegrationTests : Started AssociatesControllerIntegrationTests in 0.212 seconds (process running for 58.35)
2024-02-04T16:45:48.037-05:00  INFO 21079 --- [           main] j.LocalContainerEntityManagerFactoryBean : Closing JPA EntityManagerFactory for persistence unit 'default'
2024-02-04T16:45:48.037-05:00  INFO 21079 --- [           main] com.zaxxer.hikari.HikariDataSource       : HikariPool-153 - Shutdown initiated...
2024-02-04T16:45:48.044-05:00  INFO 21079 --- [           main] com.zaxxer.hikari.HikariDataSource       : HikariPool-153 - Shutdown completed.
]]></system-out>
  </testcase>
  <testcase name="testThatGetAssociatesReturnsHttpStatus404WhenNoAssociatesExists" classname="com.dms.variant.controllers.AssociatesControllerIntegrationTests" time="0.007">
    <system-out><![CDATA[
  .   ____          _            __ _ _
 /\\ / ___'_ __ _ _(_)_ __  __ _ \ \ \ \
( ( )\___ | '_ | '_| | '_ \/ _` | \ \ \ \
 \\/  ___)| |_)| | | | | || (_| |  ) ) ) )
  '  |____| .__|_| |_|_| |_\__, | / / / /
 =========|_|==============|___/=/_/_/_/
 :: Spring Boot ::                (v3.2.1)

2024-02-04T16:45:48.051-05:00  INFO 21079 --- [           main] v.c.AssociatesControllerIntegrationTests : Starting AssociatesControllerIntegrationTests using Java 17.0.9 with PID 21079 (started by madhav in /home/madhav/Desktop/Variant/backend)
2024-02-04T16:45:48.051-05:00  INFO 21079 --- [           main] v.c.AssociatesControllerIntegrationTests : No active profile set, falling back to 1 default profile: "default"
2024-02-04T16:45:48.099-05:00  INFO 21079 --- [           main] .s.d.r.c.RepositoryConfigurationDelegate : Bootstrapping Spring Data JPA repositories in DEFAULT mode.
2024-02-04T16:45:48.106-05:00  INFO 21079 --- [           main] .s.d.r.c.RepositoryConfigurationDelegate : Finished Spring Data repository scanning in 6 ms. Found 12 JPA repository interfaces.
2024-02-04T16:45:48.134-05:00  INFO 21079 --- [           main] com.zaxxer.hikari.HikariDataSource       : HikariPool-154 - Starting...
2024-02-04T16:45:48.135-05:00  INFO 21079 --- [           main] com.zaxxer.hikari.pool.HikariPool        : HikariPool-154 - Added connection conn1341: url=jdbc:h2:mem:testdb user=SA
2024-02-04T16:45:48.135-05:00  INFO 21079 --- [           main] com.zaxxer.hikari.HikariDataSource       : HikariPool-154 - Start completed.
2024-02-04T16:45:48.135-05:00  INFO 21079 --- [           main] o.hibernate.jpa.internal.util.LogHelper  : HHH000204: Processing PersistenceUnitInfo [name: default]
2024-02-04T16:45:48.136-05:00  INFO 21079 --- [           main] o.h.c.internal.RegionFactoryInitiator    : HHH000026: Second-level cache disabled
2024-02-04T16:45:48.138-05:00  INFO 21079 --- [           main] o.s.o.j.p.SpringPersistenceUnitInfo      : No LoadTimeWeaver setup: ignoring JPA class transformer
2024-02-04T16:45:48.182-05:00  INFO 21079 --- [           main] o.h.e.t.j.p.i.JtaPlatformInitiator       : HHH000489: No JTA platform available (set 'hibernate.transaction.jta.platform' to enable JTA platform integration)
2024-02-04T16:45:48.184-05:00  INFO 21079 --- [           main] j.LocalContainerEntityManagerFactoryBean : Initialized JPA EntityManagerFactory for persistence unit 'default'
2024-02-04T16:45:48.226-05:00  WARN 21079 --- [           main] JpaBaseConfiguration$JpaWebConfiguration : spring.jpa.open-in-view is enabled by default. Therefore, database queries may be performed during view rendering. Explicitly configure spring.jpa.open-in-view to disable this warning
2024-02-04T16:45:48.264-05:00  INFO 21079 --- [           main] o.s.b.t.m.w.SpringBootMockServletContext : Initializing Spring TestDispatcherServlet ''
2024-02-04T16:45:48.264-05:00  INFO 21079 --- [           main] o.s.t.web.servlet.TestDispatcherServlet  : Initializing Servlet ''
2024-02-04T16:45:48.265-05:00  INFO 21079 --- [           main] o.s.t.web.servlet.TestDispatcherServlet  : Completed initialization in 1 ms
2024-02-04T16:45:48.269-05:00  INFO 21079 --- [           main] v.c.AssociatesControllerIntegrationTests : Started AssociatesControllerIntegrationTests in 0.224 seconds (process running for 58.594)
2024-02-04T16:45:48.275-05:00  INFO 21079 --- [           main] j.LocalContainerEntityManagerFactoryBean : Closing JPA EntityManagerFactory for persistence unit 'default'
2024-02-04T16:45:48.276-05:00  INFO 21079 --- [           main] com.zaxxer.hikari.HikariDataSource       : HikariPool-154 - Shutdown initiated...
2024-02-04T16:45:48.276-05:00  INFO 21079 --- [           main] com.zaxxer.hikari.HikariDataSource       : HikariPool-154 - Shutdown completed.
]]></system-out>
  </testcase>
  <testcase name="testThatListAssociatesReturnsHttpStatus200" classname="com.dms.variant.controllers.AssociatesControllerIntegrationTests" time="0.013">
    <system-out><![CDATA[
  .   ____          _            __ _ _
 /\\ / ___'_ __ _ _(_)_ __  __ _ \ \ \ \
( ( )\___ | '_ | '_| | '_ \/ _` | \ \ \ \
 \\/  ___)| |_)| | | | | || (_| |  ) ) ) )
  '  |____| .__|_| |_|_| |_\__, | / / / /
 =========|_|==============|___/=/_/_/_/
 :: Spring Boot ::                (v3.2.1)

2024-02-04T16:45:48.283-05:00  INFO 21079 --- [           main] v.c.AssociatesControllerIntegrationTests : Starting AssociatesControllerIntegrationTests using Java 17.0.9 with PID 21079 (started by madhav in /home/madhav/Desktop/Variant/backend)
2024-02-04T16:45:48.284-05:00  INFO 21079 --- [           main] v.c.AssociatesControllerIntegrationTests : No active profile set, falling back to 1 default profile: "default"
2024-02-04T16:45:48.335-05:00  INFO 21079 --- [           main] .s.d.r.c.RepositoryConfigurationDelegate : Bootstrapping Spring Data JPA repositories in DEFAULT mode.
2024-02-04T16:45:48.343-05:00  INFO 21079 --- [           main] .s.d.r.c.RepositoryConfigurationDelegate : Finished Spring Data repository scanning in 7 ms. Found 12 JPA repository interfaces.
2024-02-04T16:45:48.373-05:00  INFO 21079 --- [           main] com.zaxxer.hikari.HikariDataSource       : HikariPool-155 - Starting...
2024-02-04T16:45:48.374-05:00  INFO 21079 --- [           main] com.zaxxer.hikari.pool.HikariPool        : HikariPool-155 - Added connection conn1346: url=jdbc:h2:mem:testdb user=SA
2024-02-04T16:45:48.374-05:00  INFO 21079 --- [           main] com.zaxxer.hikari.HikariDataSource       : HikariPool-155 - Start completed.
2024-02-04T16:45:48.375-05:00  INFO 21079 --- [           main] o.hibernate.jpa.internal.util.LogHelper  : HHH000204: Processing PersistenceUnitInfo [name: default]
2024-02-04T16:45:48.375-05:00  INFO 21079 --- [           main] o.h.c.internal.RegionFactoryInitiator    : HHH000026: Second-level cache disabled
2024-02-04T16:45:48.377-05:00  INFO 21079 --- [           main] o.s.o.j.p.SpringPersistenceUnitInfo      : No LoadTimeWeaver setup: ignoring JPA class transformer
2024-02-04T16:45:48.425-05:00  INFO 21079 --- [           main] o.h.e.t.j.p.i.JtaPlatformInitiator       : HHH000489: No JTA platform available (set 'hibernate.transaction.jta.platform' to enable JTA platform integration)
2024-02-04T16:45:48.427-05:00  INFO 21079 --- [           main] j.LocalContainerEntityManagerFactoryBean : Initialized JPA EntityManagerFactory for persistence unit 'default'
2024-02-04T16:45:48.483-05:00  WARN 21079 --- [           main] JpaBaseConfiguration$JpaWebConfiguration : spring.jpa.open-in-view is enabled by default. Therefore, database queries may be performed during view rendering. Explicitly configure spring.jpa.open-in-view to disable this warning
2024-02-04T16:45:48.518-05:00  INFO 21079 --- [           main] o.s.b.t.m.w.SpringBootMockServletContext : Initializing Spring TestDispatcherServlet ''
2024-02-04T16:45:48.518-05:00  INFO 21079 --- [           main] o.s.t.web.servlet.TestDispatcherServlet  : Initializing Servlet ''
2024-02-04T16:45:48.518-05:00  INFO 21079 --- [           main] o.s.t.web.servlet.TestDispatcherServlet  : Completed initialization in 0 ms
2024-02-04T16:45:48.522-05:00  INFO 21079 --- [           main] v.c.AssociatesControllerIntegrationTests : Started AssociatesControllerIntegrationTests in 0.244 seconds (process running for 58.846)
2024-02-04T16:45:48.529-05:00  INFO 21079 --- [           main] j.LocalContainerEntityManagerFactoryBean : Closing JPA EntityManagerFactory for persistence unit 'default'
2024-02-04T16:45:48.529-05:00  INFO 21079 --- [           main] com.zaxxer.hikari.HikariDataSource       : HikariPool-155 - Shutdown initiated...
2024-02-04T16:45:48.536-05:00  INFO 21079 --- [           main] com.zaxxer.hikari.HikariDataSource       : HikariPool-155 - Shutdown completed.
]]></system-out>
  </testcase>
  <testcase name="testThatCreateAssociatesSuccessfullyReturnsSavedAssociates" classname="com.dms.variant.controllers.AssociatesControllerIntegrationTests" time="0.012">
    <system-out><![CDATA[
  .   ____          _            __ _ _
 /\\ / ___'_ __ _ _(_)_ __  __ _ \ \ \ \
( ( )\___ | '_ | '_| | '_ \/ _` | \ \ \ \
 \\/  ___)| |_)| | | | | || (_| |  ) ) ) )
  '  |____| .__|_| |_|_| |_\__, | / / / /
 =========|_|==============|___/=/_/_/_/
 :: Spring Boot ::                (v3.2.1)

2024-02-04T16:45:48.543-05:00  INFO 21079 --- [           main] v.c.AssociatesControllerIntegrationTests : Starting AssociatesControllerIntegrationTests using Java 17.0.9 with PID 21079 (started by madhav in /home/madhav/Desktop/Variant/backend)
2024-02-04T16:45:48.543-05:00  INFO 21079 --- [           main] v.c.AssociatesControllerIntegrationTests : No active profile set, falling back to 1 default profile: "default"
2024-02-04T16:45:48.596-05:00  INFO 21079 --- [           main] .s.d.r.c.RepositoryConfigurationDelegate : Bootstrapping Spring Data JPA repositories in DEFAULT mode.
2024-02-04T16:45:48.603-05:00  INFO 21079 --- [           main] .s.d.r.c.RepositoryConfigurationDelegate : Finished Spring Data repository scanning in 6 ms. Found 12 JPA repository interfaces.
2024-02-04T16:45:48.632-05:00  INFO 21079 --- [           main] com.zaxxer.hikari.HikariDataSource       : HikariPool-156 - Starting...
2024-02-04T16:45:48.633-05:00  INFO 21079 --- [           main] com.zaxxer.hikari.pool.HikariPool        : HikariPool-156 - Added connection conn1353: url=jdbc:h2:mem:testdb user=SA
2024-02-04T16:45:48.633-05:00  INFO 21079 --- [           main] com.zaxxer.hikari.HikariDataSource       : HikariPool-156 - Start completed.
2024-02-04T16:45:48.634-05:00  INFO 21079 --- [           main] o.hibernate.jpa.internal.util.LogHelper  : HHH000204: Processing PersistenceUnitInfo [name: default]
2024-02-04T16:45:48.635-05:00  INFO 21079 --- [           main] o.h.c.internal.RegionFactoryInitiator    : HHH000026: Second-level cache disabled
2024-02-04T16:45:48.636-05:00  INFO 21079 --- [           main] o.s.o.j.p.SpringPersistenceUnitInfo      : No LoadTimeWeaver setup: ignoring JPA class transformer
2024-02-04T16:45:48.686-05:00  INFO 21079 --- [           main] o.h.e.t.j.p.i.JtaPlatformInitiator       : HHH000489: No JTA platform available (set 'hibernate.transaction.jta.platform' to enable JTA platform integration)
2024-02-04T16:45:48.687-05:00  INFO 21079 --- [           main] j.LocalContainerEntityManagerFactoryBean : Initialized JPA EntityManagerFactory for persistence unit 'default'
2024-02-04T16:45:48.730-05:00  WARN 21079 --- [           main] JpaBaseConfiguration$JpaWebConfiguration : spring.jpa.open-in-view is enabled by default. Therefore, database queries may be performed during view rendering. Explicitly configure spring.jpa.open-in-view to disable this warning
2024-02-04T16:45:48.768-05:00  INFO 21079 --- [           main] o.s.b.t.m.w.SpringBootMockServletContext : Initializing Spring TestDispatcherServlet ''
2024-02-04T16:45:48.768-05:00  INFO 21079 --- [           main] o.s.t.web.servlet.TestDispatcherServlet  : Initializing Servlet ''
2024-02-04T16:45:48.768-05:00  INFO 21079 --- [           main] o.s.t.web.servlet.TestDispatcherServlet  : Completed initialization in 0 ms
2024-02-04T16:45:48.772-05:00  INFO 21079 --- [           main] v.c.AssociatesControllerIntegrationTests : Started AssociatesControllerIntegrationTests in 0.235 seconds (process running for 59.097)
2024-02-04T16:45:48.782-05:00  INFO 21079 --- [           main] j.LocalContainerEntityManagerFactoryBean : Closing JPA EntityManagerFactory for persistence unit 'default'
2024-02-04T16:45:48.782-05:00  INFO 21079 --- [           main] com.zaxxer.hikari.HikariDataSource       : HikariPool-156 - Shutdown initiated...
2024-02-04T16:45:48.785-05:00  INFO 21079 --- [           main] com.zaxxer.hikari.HikariDataSource       : HikariPool-156 - Shutdown completed.
]]></system-out>
  </testcase>
  <testcase name="testThatCreateAssociatesSuccessfullyReturnsHttp201Created" classname="com.dms.variant.controllers.AssociatesControllerIntegrationTests" time="0.015">
    <system-out><![CDATA[
  .   ____          _            __ _ _
 /\\ / ___'_ __ _ _(_)_ __  __ _ \ \ \ \
( ( )\___ | '_ | '_| | '_ \/ _` | \ \ \ \
 \\/  ___)| |_)| | | | | || (_| |  ) ) ) )
  '  |____| .__|_| |_|_| |_\__, | / / / /
 =========|_|==============|___/=/_/_/_/
 :: Spring Boot ::                (v3.2.1)

2024-02-04T16:45:48.792-05:00  INFO 21079 --- [           main] v.c.AssociatesControllerIntegrationTests : Starting AssociatesControllerIntegrationTests using Java 17.0.9 with PID 21079 (started by madhav in /home/madhav/Desktop/Variant/backend)
2024-02-04T16:45:48.792-05:00  INFO 21079 --- [           main] v.c.AssociatesControllerIntegrationTests : No active profile set, falling back to 1 default profile: "default"
2024-02-04T16:45:48.846-05:00  INFO 21079 --- [           main] .s.d.r.c.RepositoryConfigurationDelegate : Bootstrapping Spring Data JPA repositories in DEFAULT mode.
2024-02-04T16:45:48.853-05:00  INFO 21079 --- [           main] .s.d.r.c.RepositoryConfigurationDelegate : Finished Spring Data repository scanning in 6 ms. Found 12 JPA repository interfaces.
2024-02-04T16:45:48.884-05:00  INFO 21079 --- [           main] com.zaxxer.hikari.HikariDataSource       : HikariPool-157 - Starting...
2024-02-04T16:45:48.885-05:00  INFO 21079 --- [           main] com.zaxxer.hikari.pool.HikariPool        : HikariPool-157 - Added connection conn1359: url=jdbc:h2:mem:testdb user=SA
2024-02-04T16:45:48.885-05:00  INFO 21079 --- [           main] com.zaxxer.hikari.HikariDataSource       : HikariPool-157 - Start completed.
2024-02-04T16:45:48.886-05:00  INFO 21079 --- [           main] o.hibernate.jpa.internal.util.LogHelper  : HHH000204: Processing PersistenceUnitInfo [name: default]
2024-02-04T16:45:48.887-05:00  INFO 21079 --- [           main] o.h.c.internal.RegionFactoryInitiator    : HHH000026: Second-level cache disabled
2024-02-04T16:45:48.888-05:00  INFO 21079 --- [           main] o.s.o.j.p.SpringPersistenceUnitInfo      : No LoadTimeWeaver setup: ignoring JPA class transformer
2024-02-04T16:45:48.938-05:00  INFO 21079 --- [           main] o.h.e.t.j.p.i.JtaPlatformInitiator       : HHH000489: No JTA platform available (set 'hibernate.transaction.jta.platform' to enable JTA platform integration)
2024-02-04T16:45:48.940-05:00  INFO 21079 --- [           main] j.LocalContainerEntityManagerFactoryBean : Initialized JPA EntityManagerFactory for persistence unit 'default'
2024-02-04T16:45:48.983-05:00  WARN 21079 --- [           main] JpaBaseConfiguration$JpaWebConfiguration : spring.jpa.open-in-view is enabled by default. Therefore, database queries may be performed during view rendering. Explicitly configure spring.jpa.open-in-view to disable this warning
2024-02-04T16:45:49.023-05:00  INFO 21079 --- [           main] o.s.b.t.m.w.SpringBootMockServletContext : Initializing Spring TestDispatcherServlet ''
2024-02-04T16:45:49.023-05:00  INFO 21079 --- [           main] o.s.t.web.servlet.TestDispatcherServlet  : Initializing Servlet ''
2024-02-04T16:45:49.024-05:00  INFO 21079 --- [           main] o.s.t.web.servlet.TestDispatcherServlet  : Completed initialization in 1 ms
2024-02-04T16:45:49.027-05:00  INFO 21079 --- [           main] v.c.AssociatesControllerIntegrationTests : Started AssociatesControllerIntegrationTests in 0.241 seconds (process running for 59.352)
2024-02-04T16:45:49.036-05:00  INFO 21079 --- [           main] j.LocalContainerEntityManagerFactoryBean : Closing JPA EntityManagerFactory for persistence unit 'default'
2024-02-04T16:45:49.037-05:00  INFO 21079 --- [           main] com.zaxxer.hikari.HikariDataSource       : HikariPool-157 - Shutdown initiated...
2024-02-04T16:45:49.042-05:00  INFO 21079 --- [           main] com.zaxxer.hikari.HikariDataSource       : HikariPool-157 - Shutdown completed.
]]></system-out>
  </testcase>
  <testcase name="testThatFullUpdateAssociatesReturnsHttpStatus404WhenNoAssociatesExists" classname="com.dms.variant.controllers.AssociatesControllerIntegrationTests" time="0.019">
    <system-out><![CDATA[
  .   ____          _            __ _ _
 /\\ / ___'_ __ _ _(_)_ __  __ _ \ \ \ \
( ( )\___ | '_ | '_| | '_ \/ _` | \ \ \ \
 \\/  ___)| |_)| | | | | || (_| |  ) ) ) )
  '  |____| .__|_| |_|_| |_\__, | / / / /
 =========|_|==============|___/=/_/_/_/
 :: Spring Boot ::                (v3.2.1)

2024-02-04T16:45:49.050-05:00  INFO 21079 --- [           main] v.c.AssociatesControllerIntegrationTests : Starting AssociatesControllerIntegrationTests using Java 17.0.9 with PID 21079 (started by madhav in /home/madhav/Desktop/Variant/backend)
2024-02-04T16:45:49.050-05:00  INFO 21079 --- [           main] v.c.AssociatesControllerIntegrationTests : No active profile set, falling back to 1 default profile: "default"
2024-02-04T16:45:49.102-05:00  INFO 21079 --- [           main] .s.d.r.c.RepositoryConfigurationDelegate : Bootstrapping Spring Data JPA repositories in DEFAULT mode.
2024-02-04T16:45:49.109-05:00  INFO 21079 --- [           main] .s.d.r.c.RepositoryConfigurationDelegate : Finished Spring Data repository scanning in 6 ms. Found 12 JPA repository interfaces.
2024-02-04T16:45:49.138-05:00  INFO 21079 --- [           main] com.zaxxer.hikari.HikariDataSource       : HikariPool-158 - Starting...
2024-02-04T16:45:49.139-05:00  INFO 21079 --- [           main] com.zaxxer.hikari.pool.HikariPool        : HikariPool-158 - Added connection conn1365: url=jdbc:h2:mem:testdb user=SA
2024-02-04T16:45:49.139-05:00  INFO 21079 --- [           main] com.zaxxer.hikari.HikariDataSource       : HikariPool-158 - Start completed.
2024-02-04T16:45:49.140-05:00  INFO 21079 --- [           main] o.hibernate.jpa.internal.util.LogHelper  : HHH000204: Processing PersistenceUnitInfo [name: default]
2024-02-04T16:45:49.141-05:00  INFO 21079 --- [           main] o.h.c.internal.RegionFactoryInitiator    : HHH000026: Second-level cache disabled
2024-02-04T16:45:49.142-05:00  INFO 21079 --- [           main] o.s.o.j.p.SpringPersistenceUnitInfo      : No LoadTimeWeaver setup: ignoring JPA class transformer
2024-02-04T16:45:49.187-05:00  INFO 21079 --- [           main] o.h.e.t.j.p.i.JtaPlatformInitiator       : HHH000489: No JTA platform available (set 'hibernate.transaction.jta.platform' to enable JTA platform integration)
2024-02-04T16:45:49.189-05:00  INFO 21079 --- [           main] j.LocalContainerEntityManagerFactoryBean : Initialized JPA EntityManagerFactory for persistence unit 'default'
2024-02-04T16:45:49.231-05:00  WARN 21079 --- [           main] JpaBaseConfiguration$JpaWebConfiguration : spring.jpa.open-in-view is enabled by default. Therefore, database queries may be performed during view rendering. Explicitly configure spring.jpa.open-in-view to disable this warning
2024-02-04T16:45:49.268-05:00  INFO 21079 --- [           main] o.s.b.t.m.w.SpringBootMockServletContext : Initializing Spring TestDispatcherServlet ''
2024-02-04T16:45:49.268-05:00  INFO 21079 --- [           main] o.s.t.web.servlet.TestDispatcherServlet  : Initializing Servlet ''
2024-02-04T16:45:49.268-05:00  INFO 21079 --- [           main] o.s.t.web.servlet.TestDispatcherServlet  : Completed initialization in 0 ms
2024-02-04T16:45:49.272-05:00  INFO 21079 --- [           main] v.c.AssociatesControllerIntegrationTests : Started AssociatesControllerIntegrationTests in 0.228 seconds (process running for 59.596)
2024-02-04T16:45:49.285-05:00  INFO 21079 --- [           main] j.LocalContainerEntityManagerFactoryBean : Closing JPA EntityManagerFactory for persistence unit 'default'
2024-02-04T16:45:49.286-05:00  INFO 21079 --- [           main] com.zaxxer.hikari.HikariDataSource       : HikariPool-158 - Shutdown initiated...
2024-02-04T16:45:49.292-05:00  INFO 21079 --- [           main] com.zaxxer.hikari.HikariDataSource       : HikariPool-158 - Shutdown completed.
]]></system-out>
  </testcase>
</testsuite>