<?xml version="1.0" encoding="UTF-8"?>
<testsuite xmlns:xsi="http://www.w3.org/2001/XMLSchema-instance" xsi:noNamespaceSchemaLocation="https://maven.apache.org/surefire/maven-surefire-plugin/xsd/surefire-test-report-3.0.xsd" version="3.0" name="com.dms.variant.controllers.TaxCodesControllerIntegrationTests" time="4.249" tests="14" errors="0" skipped="0" failures="0">
  <properties>
[...]
</properties>
  <testcase name="testThatFullUpdateTaxCodesReturnsHttpStatus404WhenNoTaxCodesExists" classname="com.dms.variant.controllers.TaxCodesControllerIntegrationTests" time="0.016">
    <system-out><![CDATA[2024-02-04T16:45:30.491-05:00  INFO 21079 --- [           main] t.c.s.AnnotationConfigContextLoaderUtils : Could not detect default configuration classes for test class [com.dms.variant.controllers.TaxCodesControllerIntegrationTests]: TaxCodesControllerIntegrationTests does not declare any static, non-private, non-final, nested classes annotated with @Configuration.
2024-02-04T16:45:30.493-05:00  INFO 21079 --- [           main] .b.t.c.SpringBootTestContextBootstrapper : Found @SpringBootConfiguration com.dms.variant.VariantApplication for test class com.dms.variant.controllers.TaxCodesControllerIntegrationTests

  .   ____          _            __ _ _
 /\\ / ___'_ __ _ _(_)_ __  __ _ \ \ \ \
( ( )\___ | '_ | '_| | '_ \/ _` | \ \ \ \
 \\/  ___)| |_)| | | | | || (_| |  ) ) ) )
  '  |____| .__|_| |_|_| |_\__, | / / / /
 =========|_|==============|___/=/_/_/_/
 :: Spring Boot ::                (v3.2.1)

2024-02-04T16:45:30.505-05:00  INFO 21079 --- [           main] d.v.c.TaxCodesControllerIntegrationTests : Starting TaxCodesControllerIntegrationTests using Java 17.0.9 with PID 21079 (started by madhav in /home/madhav/Desktop/Variant/backend)
2024-02-04T16:45:30.505-05:00  INFO 21079 --- [           main] d.v.c.TaxCodesControllerIntegrationTests : No active profile set, falling back to 1 default profile: "default"
2024-02-04T16:45:30.567-05:00  INFO 21079 --- [           main] .s.d.r.c.RepositoryConfigurationDelegate : Bootstrapping Spring Data JPA repositories in DEFAULT mode.
2024-02-04T16:45:30.574-05:00  INFO 21079 --- [           main] .s.d.r.c.RepositoryConfigurationDelegate : Finished Spring Data repository scanning in 7 ms. Found 12 JPA repository interfaces.
2024-02-04T16:45:30.608-05:00  INFO 21079 --- [           main] com.zaxxer.hikari.HikariDataSource       : HikariPool-89 - Starting...
2024-02-04T16:45:30.609-05:00  INFO 21079 --- [           main] com.zaxxer.hikari.pool.HikariPool        : HikariPool-89 - Added connection conn872: url=jdbc:h2:mem:testdb user=SA
2024-02-04T16:45:30.609-05:00  INFO 21079 --- [           main] com.zaxxer.hikari.HikariDataSource       : HikariPool-89 - Start completed.
2024-02-04T16:45:30.610-05:00  INFO 21079 --- [           main] o.hibernate.jpa.internal.util.LogHelper  : HHH000204: Processing PersistenceUnitInfo [name: default]
2024-02-04T16:45:30.611-05:00  INFO 21079 --- [           main] o.h.c.internal.RegionFactoryInitiator    : HHH000026: Second-level cache disabled
2024-02-04T16:45:30.612-05:00  INFO 21079 --- [           main] o.s.o.j.p.SpringPersistenceUnitInfo      : No LoadTimeWeaver setup: ignoring JPA class transformer
2024-02-04T16:45:30.669-05:00  INFO 21079 --- [           main] o.h.e.t.j.p.i.JtaPlatformInitiator       : HHH000489: No JTA platform available (set 'hibernate.transaction.jta.platform' to enable JTA platform integration)
2024-02-04T16:45:30.671-05:00  INFO 21079 --- [           main] j.LocalContainerEntityManagerFactoryBean : Initialized JPA EntityManagerFactory for persistence unit 'default'
2024-02-04T16:45:30.720-05:00  WARN 21079 --- [           main] JpaBaseConfiguration$JpaWebConfiguration : spring.jpa.open-in-view is enabled by default. Therefore, database queries may be performed during view rendering. Explicitly configure spring.jpa.open-in-view to disable this warning
2024-02-04T16:45:30.759-05:00  INFO 21079 --- [           main] o.s.b.t.m.w.SpringBootMockServletContext : Initializing Spring TestDispatcherServlet ''
2024-02-04T16:45:30.759-05:00  INFO 21079 --- [           main] o.s.t.web.servlet.TestDispatcherServlet  : Initializing Servlet ''
2024-02-04T16:45:30.759-05:00  INFO 21079 --- [           main] o.s.t.web.servlet.TestDispatcherServlet  : Completed initialization in 0 ms
2024-02-04T16:45:30.764-05:00  INFO 21079 --- [           main] d.v.c.TaxCodesControllerIntegrationTests : Started TaxCodesControllerIntegrationTests in 0.269 seconds (process running for 41.088)
2024-02-04T16:45:30.775-05:00  INFO 21079 --- [           main] j.LocalContainerEntityManagerFactoryBean : Closing JPA EntityManagerFactory for persistence unit 'default'
2024-02-04T16:45:30.776-05:00  INFO 21079 --- [           main] com.zaxxer.hikari.HikariDataSource       : HikariPool-89 - Shutdown initiated...
2024-02-04T16:45:30.781-05:00  INFO 21079 --- [           main] com.zaxxer.hikari.HikariDataSource       : HikariPool-89 - Shutdown completed.
]]></system-out>
  </testcase>
  <testcase name="testThatGetTaxCodesReturnsHttpStatus200WhenTaxCodesExists" classname="com.dms.variant.controllers.TaxCodesControllerIntegrationTests" time="0.022">
    <system-out><![CDATA[
  .   ____          _            __ _ _
 /\\ / ___'_ __ _ _(_)_ __  __ _ \ \ \ \
( ( )\___ | '_ | '_| | '_ \/ _` | \ \ \ \
 \\/  ___)| |_)| | | | | || (_| |  ) ) ) )
  '  |____| .__|_| |_|_| |_\__, | / / / /
 =========|_|==============|___/=/_/_/_/
 :: Spring Boot ::                (v3.2.1)

2024-02-04T16:45:30.790-05:00  INFO 21079 --- [           main] d.v.c.TaxCodesControllerIntegrationTests : Starting TaxCodesControllerIntegrationTests using Java 17.0.9 with PID 21079 (started by madhav in /home/madhav/Desktop/Variant/backend)
2024-02-04T16:45:30.790-05:00  INFO 21079 --- [           main] d.v.c.TaxCodesControllerIntegrationTests : No active profile set, falling back to 1 default profile: "default"
2024-02-04T16:45:30.847-05:00  INFO 21079 --- [           main] .s.d.r.c.RepositoryConfigurationDelegate : Bootstrapping Spring Data JPA repositories in DEFAULT mode.
2024-02-04T16:45:30.854-05:00  INFO 21079 --- [           main] .s.d.r.c.RepositoryConfigurationDelegate : Finished Spring Data repository scanning in 6 ms. Found 12 JPA repository interfaces.
2024-02-04T16:45:30.885-05:00  INFO 21079 --- [           main] com.zaxxer.hikari.HikariDataSource       : HikariPool-90 - Starting...
2024-02-04T16:45:30.885-05:00  INFO 21079 --- [           main] com.zaxxer.hikari.pool.HikariPool        : HikariPool-90 - Added connection conn880: url=jdbc:h2:mem:testdb user=SA
2024-02-04T16:45:30.886-05:00  INFO 21079 --- [           main] com.zaxxer.hikari.HikariDataSource       : HikariPool-90 - Start completed.
2024-02-04T16:45:30.886-05:00  INFO 21079 --- [           main] o.hibernate.jpa.internal.util.LogHelper  : HHH000204: Processing PersistenceUnitInfo [name: default]
2024-02-04T16:45:30.887-05:00  INFO 21079 --- [           main] o.h.c.internal.RegionFactoryInitiator    : HHH000026: Second-level cache disabled
2024-02-04T16:45:30.889-05:00  INFO 21079 --- [           main] o.s.o.j.p.SpringPersistenceUnitInfo      : No LoadTimeWeaver setup: ignoring JPA class transformer
2024-02-04T16:45:30.946-05:00  INFO 21079 --- [           main] o.h.e.t.j.p.i.JtaPlatformInitiator       : HHH000489: No JTA platform available (set 'hibernate.transaction.jta.platform' to enable JTA platform integration)
2024-02-04T16:45:30.949-05:00  INFO 21079 --- [           main] j.LocalContainerEntityManagerFactoryBean : Initialized JPA EntityManagerFactory for persistence unit 'default'
2024-02-04T16:45:31.008-05:00  WARN 21079 --- [           main] JpaBaseConfiguration$JpaWebConfiguration : spring.jpa.open-in-view is enabled by default. Therefore, database queries may be performed during view rendering. Explicitly configure spring.jpa.open-in-view to disable this warning
2024-02-04T16:45:31.053-05:00  INFO 21079 --- [           main] o.s.b.t.m.w.SpringBootMockServletContext : Initializing Spring TestDispatcherServlet ''
2024-02-04T16:45:31.053-05:00  INFO 21079 --- [           main] o.s.t.web.servlet.TestDispatcherServlet  : Initializing Servlet ''
2024-02-04T16:45:31.053-05:00  INFO 21079 --- [           main] o.s.t.web.servlet.TestDispatcherServlet  : Completed initialization in 0 ms
2024-02-04T16:45:31.058-05:00  INFO 21079 --- [           main] d.v.c.TaxCodesControllerIntegrationTests : Started TaxCodesControllerIntegrationTests in 0.274 seconds (process running for 41.382)
2024-02-04T16:45:31.071-05:00  INFO 21079 --- [           main] j.LocalContainerEntityManagerFactoryBean : Closing JPA EntityManagerFactory for persistence unit 'default'
2024-02-04T16:45:31.072-05:00  INFO 21079 --- [           main] com.zaxxer.hikari.HikariDataSource       : HikariPool-90 - Shutdown initiated...
2024-02-04T16:45:31.080-05:00  INFO 21079 --- [           main] com.zaxxer.hikari.HikariDataSource       : HikariPool-90 - Shutdown completed.
]]></system-out>
  </testcase>
  <testcase name="testThatFullUpdateTaxCodesReturnsHttpStatus200WhenTaxCodesExists" classname="com.dms.variant.controllers.TaxCodesControllerIntegrationTests" time="0.017">
    <system-out><![CDATA[
  .   ____          _            __ _ _
 /\\ / ___'_ __ _ _(_)_ __  __ _ \ \ \ \
( ( )\___ | '_ | '_| | '_ \/ _` | \ \ \ \
 \\/  ___)| |_)| | | | | || (_| |  ) ) ) )
  '  |____| .__|_| |_|_| |_\__, | / / / /
 =========|_|==============|___/=/_/_/_/
 :: Spring Boot ::                (v3.2.1)

2024-02-04T16:45:31.094-05:00  INFO 21079 --- [           main] d.v.c.TaxCodesControllerIntegrationTests : Starting TaxCodesControllerIntegrationTests using Java 17.0.9 with PID 21079 (started by madhav in /home/madhav/Desktop/Variant/backend)
2024-02-04T16:45:31.094-05:00  INFO 21079 --- [           main] d.v.c.TaxCodesControllerIntegrationTests : No active profile set, falling back to 1 default profile: "default"
2024-02-04T16:45:31.162-05:00  INFO 21079 --- [           main] .s.d.r.c.RepositoryConfigurationDelegate : Bootstrapping Spring Data JPA repositories in DEFAULT mode.
2024-02-04T16:45:31.170-05:00  INFO 21079 --- [           main] .s.d.r.c.RepositoryConfigurationDelegate : Finished Spring Data repository scanning in 7 ms. Found 12 JPA repository interfaces.
2024-02-04T16:45:31.205-05:00  INFO 21079 --- [           main] com.zaxxer.hikari.HikariDataSource       : HikariPool-91 - Starting...
2024-02-04T16:45:31.206-05:00  INFO 21079 --- [           main] com.zaxxer.hikari.pool.HikariPool        : HikariPool-91 - Added connection conn890: url=jdbc:h2:mem:testdb user=SA
2024-02-04T16:45:31.206-05:00  INFO 21079 --- [           main] com.zaxxer.hikari.HikariDataSource       : HikariPool-91 - Start completed.
2024-02-04T16:45:31.207-05:00  INFO 21079 --- [           main] o.hibernate.jpa.internal.util.LogHelper  : HHH000204: Processing PersistenceUnitInfo [name: default]
2024-02-04T16:45:31.208-05:00  INFO 21079 --- [           main] o.h.c.internal.RegionFactoryInitiator    : HHH000026: Second-level cache disabled
2024-02-04T16:45:31.210-05:00  INFO 21079 --- [           main] o.s.o.j.p.SpringPersistenceUnitInfo      : No LoadTimeWeaver setup: ignoring JPA class transformer
2024-02-04T16:45:31.276-05:00  INFO 21079 --- [           main] o.h.e.t.j.p.i.JtaPlatformInitiator       : HHH000489: No JTA platform available (set 'hibernate.transaction.jta.platform' to enable JTA platform integration)
2024-02-04T16:45:31.279-05:00  INFO 21079 --- [           main] j.LocalContainerEntityManagerFactoryBean : Initialized JPA EntityManagerFactory for persistence unit 'default'
2024-02-04T16:45:31.338-05:00  WARN 21079 --- [           main] JpaBaseConfiguration$JpaWebConfiguration : spring.jpa.open-in-view is enabled by default. Therefore, database queries may be performed during view rendering. Explicitly configure spring.jpa.open-in-view to disable this warning
2024-02-04T16:45:31.382-05:00  INFO 21079 --- [           main] o.s.b.t.m.w.SpringBootMockServletContext : Initializing Spring TestDispatcherServlet ''
2024-02-04T16:45:31.382-05:00  INFO 21079 --- [           main] o.s.t.web.servlet.TestDispatcherServlet  : Initializing Servlet ''
2024-02-04T16:45:31.383-05:00  INFO 21079 --- [           main] o.s.t.web.servlet.TestDispatcherServlet  : Completed initialization in 1 ms
2024-02-04T16:45:31.388-05:00  INFO 21079 --- [           main] d.v.c.TaxCodesControllerIntegrationTests : Started TaxCodesControllerIntegrationTests in 0.306 seconds (process running for 41.712)
2024-02-04T16:45:31.404-05:00  INFO 21079 --- [           main] j.LocalContainerEntityManagerFactoryBean : Closing JPA EntityManagerFactory for persistence unit 'default'
2024-02-04T16:45:31.405-05:00  INFO 21079 --- [           main] com.zaxxer.hikari.HikariDataSource       : HikariPool-91 - Shutdown initiated...
2024-02-04T16:45:31.405-05:00  INFO 21079 --- [           main] com.zaxxer.hikari.HikariDataSource       : HikariPool-91 - Shutdown completed.
]]></system-out>
  </testcase>
  <testcase name="testThatPartialUpdateTaxCodesReturnsHttpStatus200WhenTaxCodesExists" classname="com.dms.variant.controllers.TaxCodesControllerIntegrationTests" time="0.016">
    <system-out><![CDATA[
  .   ____          _            __ _ _
 /\\ / ___'_ __ _ _(_)_ __  __ _ \ \ \ \
( ( )\___ | '_ | '_| | '_ \/ _` | \ \ \ \
 \\/  ___)| |_)| | | | | || (_| |  ) ) ) )
  '  |____| .__|_| |_|_| |_\__, | / / / /
 =========|_|==============|___/=/_/_/_/
 :: Spring Boot ::                (v3.2.1)

2024-02-04T16:45:31.416-05:00  INFO 21079 --- [           main] d.v.c.TaxCodesControllerIntegrationTests : Starting TaxCodesControllerIntegrationTests using Java 17.0.9 with PID 21079 (started by madhav in /home/madhav/Desktop/Variant/backend)
2024-02-04T16:45:31.416-05:00  INFO 21079 --- [           main] d.v.c.TaxCodesControllerIntegrationTests : No active profile set, falling back to 1 default profile: "default"
2024-02-04T16:45:31.481-05:00  INFO 21079 --- [           main] .s.d.r.c.RepositoryConfigurationDelegate : Bootstrapping Spring Data JPA repositories in DEFAULT mode.
2024-02-04T16:45:31.491-05:00  INFO 21079 --- [           main] .s.d.r.c.RepositoryConfigurationDelegate : Finished Spring Data repository scanning in 8 ms. Found 12 JPA repository interfaces.
2024-02-04T16:45:31.527-05:00  INFO 21079 --- [           main] com.zaxxer.hikari.HikariDataSource       : HikariPool-92 - Starting...
2024-02-04T16:45:31.528-05:00  INFO 21079 --- [           main] com.zaxxer.hikari.pool.HikariPool        : HikariPool-92 - Added connection conn900: url=jdbc:h2:mem:testdb user=SA
2024-02-04T16:45:31.528-05:00  INFO 21079 --- [           main] com.zaxxer.hikari.HikariDataSource       : HikariPool-92 - Start completed.
2024-02-04T16:45:31.529-05:00  INFO 21079 --- [           main] o.hibernate.jpa.internal.util.LogHelper  : HHH000204: Processing PersistenceUnitInfo [name: default]
2024-02-04T16:45:31.530-05:00  INFO 21079 --- [           main] o.h.c.internal.RegionFactoryInitiator    : HHH000026: Second-level cache disabled
2024-02-04T16:45:31.532-05:00  INFO 21079 --- [           main] o.s.o.j.p.SpringPersistenceUnitInfo      : No LoadTimeWeaver setup: ignoring JPA class transformer
2024-02-04T16:45:31.593-05:00  INFO 21079 --- [           main] o.h.e.t.j.p.i.JtaPlatformInitiator       : HHH000489: No JTA platform available (set 'hibernate.transaction.jta.platform' to enable JTA platform integration)
2024-02-04T16:45:31.596-05:00  INFO 21079 --- [           main] j.LocalContainerEntityManagerFactoryBean : Initialized JPA EntityManagerFactory for persistence unit 'default'
2024-02-04T16:45:31.654-05:00  WARN 21079 --- [           main] JpaBaseConfiguration$JpaWebConfiguration : spring.jpa.open-in-view is enabled by default. Therefore, database queries may be performed during view rendering. Explicitly configure spring.jpa.open-in-view to disable this warning
2024-02-04T16:45:31.702-05:00  INFO 21079 --- [           main] o.s.b.t.m.w.SpringBootMockServletContext : Initializing Spring TestDispatcherServlet ''
2024-02-04T16:45:31.702-05:00  INFO 21079 --- [           main] o.s.t.web.servlet.TestDispatcherServlet  : Initializing Servlet ''
2024-02-04T16:45:31.703-05:00  INFO 21079 --- [           main] o.s.t.web.servlet.TestDispatcherServlet  : Completed initialization in 1 ms
2024-02-04T16:45:31.707-05:00  INFO 21079 --- [           main] d.v.c.TaxCodesControllerIntegrationTests : Started TaxCodesControllerIntegrationTests in 0.3 seconds (process running for 42.032)
2024-02-04T16:45:31.720-05:00  INFO 21079 --- [           main] j.LocalContainerEntityManagerFactoryBean : Closing JPA EntityManagerFactory for persistence unit 'default'
2024-02-04T16:45:31.720-05:00  INFO 21079 --- [           main] com.zaxxer.hikari.HikariDataSource       : HikariPool-92 - Shutdown initiated...
2024-02-04T16:45:31.724-05:00  INFO 21079 --- [           main] com.zaxxer.hikari.HikariDataSource       : HikariPool-92 - Shutdown completed.
]]></system-out>
  </testcase>
  <testcase name="testThatPartialUpdateExistingTaxCodesReturnsUpdatedTaxCodes" classname="com.dms.variant.controllers.TaxCodesControllerIntegrationTests" time="0.018">
    <system-out><![CDATA[
  .   ____          _            __ _ _
 /\\ / ___'_ __ _ _(_)_ __  __ _ \ \ \ \
( ( )\___ | '_ | '_| | '_ \/ _` | \ \ \ \
 \\/  ___)| |_)| | | | | || (_| |  ) ) ) )
  '  |____| .__|_| |_|_| |_\__, | / / / /
 =========|_|==============|___/=/_/_/_/
 :: Spring Boot ::                (v3.2.1)

2024-02-04T16:45:31.733-05:00  INFO 21079 --- [           main] d.v.c.TaxCodesControllerIntegrationTests : Starting TaxCodesControllerIntegrationTests using Java 17.0.9 with PID 21079 (started by madhav in /home/madhav/Desktop/Variant/backend)
2024-02-04T16:45:31.734-05:00  INFO 21079 --- [           main] d.v.c.TaxCodesControllerIntegrationTests : No active profile set, falling back to 1 default profile: "default"
2024-02-04T16:45:31.796-05:00  INFO 21079 --- [           main] .s.d.r.c.RepositoryConfigurationDelegate : Bootstrapping Spring Data JPA repositories in DEFAULT mode.
2024-02-04T16:45:31.804-05:00  INFO 21079 --- [           main] .s.d.r.c.RepositoryConfigurationDelegate : Finished Spring Data repository scanning in 7 ms. Found 12 JPA repository interfaces.
2024-02-04T16:45:31.840-05:00  INFO 21079 --- [           main] com.zaxxer.hikari.HikariDataSource       : HikariPool-93 - Starting...
2024-02-04T16:45:31.841-05:00  INFO 21079 --- [           main] com.zaxxer.hikari.pool.HikariPool        : HikariPool-93 - Added connection conn910: url=jdbc:h2:mem:testdb user=SA
2024-02-04T16:45:31.841-05:00  INFO 21079 --- [           main] com.zaxxer.hikari.HikariDataSource       : HikariPool-93 - Start completed.
2024-02-04T16:45:31.842-05:00  INFO 21079 --- [           main] o.hibernate.jpa.internal.util.LogHelper  : HHH000204: Processing PersistenceUnitInfo [name: default]
2024-02-04T16:45:31.843-05:00  INFO 21079 --- [           main] o.h.c.internal.RegionFactoryInitiator    : HHH000026: Second-level cache disabled
2024-02-04T16:45:31.844-05:00  INFO 21079 --- [           main] o.s.o.j.p.SpringPersistenceUnitInfo      : No LoadTimeWeaver setup: ignoring JPA class transformer
2024-02-04T16:45:31.902-05:00  INFO 21079 --- [           main] o.h.e.t.j.p.i.JtaPlatformInitiator       : HHH000489: No JTA platform available (set 'hibernate.transaction.jta.platform' to enable JTA platform integration)
2024-02-04T16:45:31.904-05:00  INFO 21079 --- [           main] j.LocalContainerEntityManagerFactoryBean : Initialized JPA EntityManagerFactory for persistence unit 'default'
2024-02-04T16:45:31.966-05:00  WARN 21079 --- [           main] JpaBaseConfiguration$JpaWebConfiguration : spring.jpa.open-in-view is enabled by default. Therefore, database queries may be performed during view rendering. Explicitly configure spring.jpa.open-in-view to disable this warning
2024-02-04T16:45:32.010-05:00  INFO 21079 --- [           main] o.s.b.t.m.w.SpringBootMockServletContext : Initializing Spring TestDispatcherServlet ''
2024-02-04T16:45:32.010-05:00  INFO 21079 --- [           main] o.s.t.web.servlet.TestDispatcherServlet  : Initializing Servlet ''
2024-02-04T16:45:32.010-05:00  INFO 21079 --- [           main] o.s.t.web.servlet.TestDispatcherServlet  : Completed initialization in 0 ms
2024-02-04T16:45:32.015-05:00  INFO 21079 --- [           main] d.v.c.TaxCodesControllerIntegrationTests : Started TaxCodesControllerIntegrationTests in 0.289 seconds (process running for 42.34)
2024-02-04T16:45:32.029-05:00  INFO 21079 --- [           main] j.LocalContainerEntityManagerFactoryBean : Closing JPA EntityManagerFactory for persistence unit 'default'
2024-02-04T16:45:32.030-05:00  INFO 21079 --- [           main] com.zaxxer.hikari.HikariDataSource       : HikariPool-93 - Shutdown initiated...
2024-02-04T16:45:32.034-05:00  INFO 21079 --- [           main] com.zaxxer.hikari.HikariDataSource       : HikariPool-93 - Shutdown completed.
]]></system-out>
  </testcase>
  <testcase name="testThatCreateTaxCodesSuccessfullyReturnsSavedTaxCodes" classname="com.dms.variant.controllers.TaxCodesControllerIntegrationTests" time="0.013">
    <system-out><![CDATA[
  .   ____          _            __ _ _
 /\\ / ___'_ __ _ _(_)_ __  __ _ \ \ \ \
( ( )\___ | '_ | '_| | '_ \/ _` | \ \ \ \
 \\/  ___)| |_)| | | | | || (_| |  ) ) ) )
  '  |____| .__|_| |_|_| |_\__, | / / / /
 =========|_|==============|___/=/_/_/_/
 :: Spring Boot ::                (v3.2.1)

2024-02-04T16:45:32.045-05:00  INFO 21079 --- [           main] d.v.c.TaxCodesControllerIntegrationTests : Starting TaxCodesControllerIntegrationTests using Java 17.0.9 with PID 21079 (started by madhav in /home/madhav/Desktop/Variant/backend)
2024-02-04T16:45:32.045-05:00  INFO 21079 --- [           main] d.v.c.TaxCodesControllerIntegrationTests : No active profile set, falling back to 1 default profile: "default"
2024-02-04T16:45:32.115-05:00  INFO 21079 --- [           main] .s.d.r.c.RepositoryConfigurationDelegate : Bootstrapping Spring Data JPA repositories in DEFAULT mode.
2024-02-04T16:45:32.124-05:00  INFO 21079 --- [           main] .s.d.r.c.RepositoryConfigurationDelegate : Finished Spring Data repository scanning in 9 ms. Found 12 JPA repository interfaces.
2024-02-04T16:45:32.163-05:00  INFO 21079 --- [           main] com.zaxxer.hikari.HikariDataSource       : HikariPool-94 - Starting...
2024-02-04T16:45:32.164-05:00  INFO 21079 --- [           main] com.zaxxer.hikari.pool.HikariPool        : HikariPool-94 - Added connection conn920: url=jdbc:h2:mem:testdb user=SA
2024-02-04T16:45:32.164-05:00  INFO 21079 --- [           main] com.zaxxer.hikari.HikariDataSource       : HikariPool-94 - Start completed.
2024-02-04T16:45:32.165-05:00  INFO 21079 --- [           main] o.hibernate.jpa.internal.util.LogHelper  : HHH000204: Processing PersistenceUnitInfo [name: default]
2024-02-04T16:45:32.166-05:00  INFO 21079 --- [           main] o.h.c.internal.RegionFactoryInitiator    : HHH000026: Second-level cache disabled
2024-02-04T16:45:32.168-05:00  INFO 21079 --- [           main] o.s.o.j.p.SpringPersistenceUnitInfo      : No LoadTimeWeaver setup: ignoring JPA class transformer
2024-02-04T16:45:32.230-05:00  INFO 21079 --- [           main] o.h.e.t.j.p.i.JtaPlatformInitiator       : HHH000489: No JTA platform available (set 'hibernate.transaction.jta.platform' to enable JTA platform integration)
2024-02-04T16:45:32.233-05:00  INFO 21079 --- [           main] j.LocalContainerEntityManagerFactoryBean : Initialized JPA EntityManagerFactory for persistence unit 'default'
2024-02-04T16:45:32.292-05:00  WARN 21079 --- [           main] JpaBaseConfiguration$JpaWebConfiguration : spring.jpa.open-in-view is enabled by default. Therefore, database queries may be performed during view rendering. Explicitly configure spring.jpa.open-in-view to disable this warning
2024-02-04T16:45:32.338-05:00  INFO 21079 --- [           main] o.s.b.t.m.w.SpringBootMockServletContext : Initializing Spring TestDispatcherServlet ''
2024-02-04T16:45:32.338-05:00  INFO 21079 --- [           main] o.s.t.web.servlet.TestDispatcherServlet  : Initializing Servlet ''
2024-02-04T16:45:32.339-05:00  INFO 21079 --- [           main] o.s.t.web.servlet.TestDispatcherServlet  : Completed initialization in 1 ms
2024-02-04T16:45:32.344-05:00  INFO 21079 --- [           main] d.v.c.TaxCodesControllerIntegrationTests : Started TaxCodesControllerIntegrationTests in 0.308 seconds (process running for 42.669)
2024-02-04T16:45:32.356-05:00  INFO 21079 --- [           main] j.LocalContainerEntityManagerFactoryBean : Closing JPA EntityManagerFactory for persistence unit 'default'
2024-02-04T16:45:32.357-05:00  INFO 21079 --- [           main] com.zaxxer.hikari.HikariDataSource       : HikariPool-94 - Shutdown initiated...
2024-02-04T16:45:32.358-05:00  INFO 21079 --- [           main] com.zaxxer.hikari.HikariDataSource       : HikariPool-94 - Shutdown completed.
]]></system-out>
  </testcase>
  <testcase name="testThatFullUpdateUpdatesExistingTaxCodes" classname="com.dms.variant.controllers.TaxCodesControllerIntegrationTests" time="0.018">
    <system-out><![CDATA[
  .   ____          _            __ _ _
 /\\ / ___'_ __ _ _(_)_ __  __ _ \ \ \ \
( ( )\___ | '_ | '_| | '_ \/ _` | \ \ \ \
 \\/  ___)| |_)| | | | | || (_| |  ) ) ) )
  '  |____| .__|_| |_|_| |_\__, | / / / /
 =========|_|==============|___/=/_/_/_/
 :: Spring Boot ::                (v3.2.1)

2024-02-04T16:45:32.367-05:00  INFO 21079 --- [           main] d.v.c.TaxCodesControllerIntegrationTests : Starting TaxCodesControllerIntegrationTests using Java 17.0.9 with PID 21079 (started by madhav in /home/madhav/Desktop/Variant/backend)
2024-02-04T16:45:32.367-05:00  INFO 21079 --- [           main] d.v.c.TaxCodesControllerIntegrationTests : No active profile set, falling back to 1 default profile: "default"
2024-02-04T16:45:32.438-05:00  INFO 21079 --- [           main] .s.d.r.c.RepositoryConfigurationDelegate : Bootstrapping Spring Data JPA repositories in DEFAULT mode.
2024-02-04T16:45:32.447-05:00  INFO 21079 --- [           main] .s.d.r.c.RepositoryConfigurationDelegate : Finished Spring Data repository scanning in 8 ms. Found 12 JPA repository interfaces.
2024-02-04T16:45:32.483-05:00  INFO 21079 --- [           main] com.zaxxer.hikari.HikariDataSource       : HikariPool-95 - Starting...
2024-02-04T16:45:32.484-05:00  INFO 21079 --- [           main] com.zaxxer.hikari.pool.HikariPool        : HikariPool-95 - Added connection conn930: url=jdbc:h2:mem:testdb user=SA
2024-02-04T16:45:32.484-05:00  INFO 21079 --- [           main] com.zaxxer.hikari.HikariDataSource       : HikariPool-95 - Start completed.
2024-02-04T16:45:32.485-05:00  INFO 21079 --- [           main] o.hibernate.jpa.internal.util.LogHelper  : HHH000204: Processing PersistenceUnitInfo [name: default]
2024-02-04T16:45:32.486-05:00  INFO 21079 --- [           main] o.h.c.internal.RegionFactoryInitiator    : HHH000026: Second-level cache disabled
2024-02-04T16:45:32.488-05:00  INFO 21079 --- [           main] o.s.o.j.p.SpringPersistenceUnitInfo      : No LoadTimeWeaver setup: ignoring JPA class transformer
2024-02-04T16:45:32.554-05:00  INFO 21079 --- [           main] o.h.e.t.j.p.i.JtaPlatformInitiator       : HHH000489: No JTA platform available (set 'hibernate.transaction.jta.platform' to enable JTA platform integration)
2024-02-04T16:45:32.557-05:00  INFO 21079 --- [           main] j.LocalContainerEntityManagerFactoryBean : Initialized JPA EntityManagerFactory for persistence unit 'default'
2024-02-04T16:45:32.617-05:00  WARN 21079 --- [           main] JpaBaseConfiguration$JpaWebConfiguration : spring.jpa.open-in-view is enabled by default. Therefore, database queries may be performed during view rendering. Explicitly configure spring.jpa.open-in-view to disable this warning
2024-02-04T16:45:32.666-05:00  INFO 21079 --- [           main] o.s.b.t.m.w.SpringBootMockServletContext : Initializing Spring TestDispatcherServlet ''
2024-02-04T16:45:32.666-05:00  INFO 21079 --- [           main] o.s.t.web.servlet.TestDispatcherServlet  : Initializing Servlet ''
2024-02-04T16:45:32.667-05:00  INFO 21079 --- [           main] o.s.t.web.servlet.TestDispatcherServlet  : Completed initialization in 0 ms
2024-02-04T16:45:32.672-05:00  INFO 21079 --- [           main] d.v.c.TaxCodesControllerIntegrationTests : Started TaxCodesControllerIntegrationTests in 0.313 seconds (process running for 42.997)
2024-02-04T16:45:32.689-05:00  INFO 21079 --- [           main] j.LocalContainerEntityManagerFactoryBean : Closing JPA EntityManagerFactory for persistence unit 'default'
2024-02-04T16:45:32.690-05:00  INFO 21079 --- [           main] com.zaxxer.hikari.HikariDataSource       : HikariPool-95 - Shutdown initiated...
2024-02-04T16:45:32.690-05:00  INFO 21079 --- [           main] com.zaxxer.hikari.HikariDataSource       : HikariPool-95 - Shutdown completed.
]]></system-out>
  </testcase>
  <testcase name="testThatListTaxCodesReturnsListOfTaxCodes" classname="com.dms.variant.controllers.TaxCodesControllerIntegrationTests" time="0.016">
    <system-out><![CDATA[
  .   ____          _            __ _ _
 /\\ / ___'_ __ _ _(_)_ __  __ _ \ \ \ \
( ( )\___ | '_ | '_| | '_ \/ _` | \ \ \ \
 \\/  ___)| |_)| | | | | || (_| |  ) ) ) )
  '  |____| .__|_| |_|_| |_\__, | / / / /
 =========|_|==============|___/=/_/_/_/
 :: Spring Boot ::                (v3.2.1)

2024-02-04T16:45:32.705-05:00  INFO 21079 --- [           main] d.v.c.TaxCodesControllerIntegrationTests : Starting TaxCodesControllerIntegrationTests using Java 17.0.9 with PID 21079 (started by madhav in /home/madhav/Desktop/Variant/backend)
2024-02-04T16:45:32.705-05:00  INFO 21079 --- [           main] d.v.c.TaxCodesControllerIntegrationTests : No active profile set, falling back to 1 default profile: "default"
2024-02-04T16:45:32.772-05:00  INFO 21079 --- [           main] .s.d.r.c.RepositoryConfigurationDelegate : Bootstrapping Spring Data JPA repositories in DEFAULT mode.
2024-02-04T16:45:32.780-05:00  INFO 21079 --- [           main] .s.d.r.c.RepositoryConfigurationDelegate : Finished Spring Data repository scanning in 8 ms. Found 12 JPA repository interfaces.
2024-02-04T16:45:32.821-05:00  INFO 21079 --- [           main] com.zaxxer.hikari.HikariDataSource       : HikariPool-96 - Starting...
2024-02-04T16:45:32.822-05:00  INFO 21079 --- [           main] com.zaxxer.hikari.pool.HikariPool        : HikariPool-96 - Added connection conn940: url=jdbc:h2:mem:testdb user=SA
2024-02-04T16:45:32.822-05:00  INFO 21079 --- [           main] com.zaxxer.hikari.HikariDataSource       : HikariPool-96 - Start completed.
2024-02-04T16:45:32.822-05:00  INFO 21079 --- [           main] o.hibernate.jpa.internal.util.LogHelper  : HHH000204: Processing PersistenceUnitInfo [name: default]
2024-02-04T16:45:32.823-05:00  INFO 21079 --- [           main] o.h.c.internal.RegionFactoryInitiator    : HHH000026: Second-level cache disabled
2024-02-04T16:45:32.825-05:00  INFO 21079 --- [           main] o.s.o.j.p.SpringPersistenceUnitInfo      : No LoadTimeWeaver setup: ignoring JPA class transformer
2024-02-04T16:45:32.907-05:00  INFO 21079 --- [           main] o.h.e.t.j.p.i.JtaPlatformInitiator       : HHH000489: No JTA platform available (set 'hibernate.transaction.jta.platform' to enable JTA platform integration)
2024-02-04T16:45:32.911-05:00  INFO 21079 --- [           main] j.LocalContainerEntityManagerFactoryBean : Initialized JPA EntityManagerFactory for persistence unit 'default'
2024-02-04T16:45:32.977-05:00  WARN 21079 --- [           main] JpaBaseConfiguration$JpaWebConfiguration : spring.jpa.open-in-view is enabled by default. Therefore, database queries may be performed during view rendering. Explicitly configure spring.jpa.open-in-view to disable this warning
2024-02-04T16:45:33.026-05:00  INFO 21079 --- [           main] o.s.b.t.m.w.SpringBootMockServletContext : Initializing Spring TestDispatcherServlet ''
2024-02-04T16:45:33.026-05:00  INFO 21079 --- [           main] o.s.t.web.servlet.TestDispatcherServlet  : Initializing Servlet ''
2024-02-04T16:45:33.026-05:00  INFO 21079 --- [           main] o.s.t.web.servlet.TestDispatcherServlet  : Completed initialization in 0 ms
2024-02-04T16:45:33.032-05:00  INFO 21079 --- [           main] d.v.c.TaxCodesControllerIntegrationTests : Started TaxCodesControllerIntegrationTests in 0.34 seconds (process running for 43.356)
2024-02-04T16:45:33.048-05:00  INFO 21079 --- [           main] j.LocalContainerEntityManagerFactoryBean : Closing JPA EntityManagerFactory for persistence unit 'default'
2024-02-04T16:45:33.048-05:00  INFO 21079 --- [           main] com.zaxxer.hikari.HikariDataSource       : HikariPool-96 - Shutdown initiated...
2024-02-04T16:45:33.049-05:00  INFO 21079 --- [           main] com.zaxxer.hikari.HikariDataSource       : HikariPool-96 - Shutdown completed.
]]></system-out>
  </testcase>
  <testcase name="testThatCreateTaxCodesSuccessfullyReturnsHttp201Created" classname="com.dms.variant.controllers.TaxCodesControllerIntegrationTests" time="0.014">
    <system-out><![CDATA[
  .   ____          _            __ _ _
 /\\ / ___'_ __ _ _(_)_ __  __ _ \ \ \ \
( ( )\___ | '_ | '_| | '_ \/ _` | \ \ \ \
 \\/  ___)| |_)| | | | | || (_| |  ) ) ) )
  '  |____| .__|_| |_|_| |_\__, | / / / /
 =========|_|==============|___/=/_/_/_/
 :: Spring Boot ::                (v3.2.1)

2024-02-04T16:45:33.060-05:00  INFO 21079 --- [           main] d.v.c.TaxCodesControllerIntegrationTests : Starting TaxCodesControllerIntegrationTests using Java 17.0.9 with PID 21079 (started by madhav in /home/madhav/Desktop/Variant/backend)
2024-02-04T16:45:33.060-05:00  INFO 21079 --- [           main] d.v.c.TaxCodesControllerIntegrationTests : No active profile set, falling back to 1 default profile: "default"
2024-02-04T16:45:33.124-05:00  INFO 21079 --- [           main] .s.d.r.c.RepositoryConfigurationDelegate : Bootstrapping Spring Data JPA repositories in DEFAULT mode.
2024-02-04T16:45:33.138-05:00  INFO 21079 --- [           main] .s.d.r.c.RepositoryConfigurationDelegate : Finished Spring Data repository scanning in 13 ms. Found 12 JPA repository interfaces.
2024-02-04T16:45:33.174-05:00  INFO 21079 --- [           main] com.zaxxer.hikari.HikariDataSource       : HikariPool-97 - Starting...
2024-02-04T16:45:33.175-05:00  INFO 21079 --- [           main] com.zaxxer.hikari.pool.HikariPool        : HikariPool-97 - Added connection conn950: url=jdbc:h2:mem:testdb user=SA
2024-02-04T16:45:33.175-05:00  INFO 21079 --- [           main] com.zaxxer.hikari.HikariDataSource       : HikariPool-97 - Start completed.
2024-02-04T16:45:33.176-05:00  INFO 21079 --- [           main] o.hibernate.jpa.internal.util.LogHelper  : HHH000204: Processing PersistenceUnitInfo [name: default]
2024-02-04T16:45:33.177-05:00  INFO 21079 --- [           main] o.h.c.internal.RegionFactoryInitiator    : HHH000026: Second-level cache disabled
2024-02-04T16:45:33.179-05:00  INFO 21079 --- [           main] o.s.o.j.p.SpringPersistenceUnitInfo      : No LoadTimeWeaver setup: ignoring JPA class transformer
2024-02-04T16:45:33.243-05:00  INFO 21079 --- [           main] o.h.e.t.j.p.i.JtaPlatformInitiator       : HHH000489: No JTA platform available (set 'hibernate.transaction.jta.platform' to enable JTA platform integration)
2024-02-04T16:45:33.246-05:00  INFO 21079 --- [           main] j.LocalContainerEntityManagerFactoryBean : Initialized JPA EntityManagerFactory for persistence unit 'default'
2024-02-04T16:45:33.303-05:00  WARN 21079 --- [           main] JpaBaseConfiguration$JpaWebConfiguration : spring.jpa.open-in-view is enabled by default. Therefore, database queries may be performed during view rendering. Explicitly configure spring.jpa.open-in-view to disable this warning
2024-02-04T16:45:33.351-05:00  INFO 21079 --- [           main] o.s.b.t.m.w.SpringBootMockServletContext : Initializing Spring TestDispatcherServlet ''
2024-02-04T16:45:33.351-05:00  INFO 21079 --- [           main] o.s.t.web.servlet.TestDispatcherServlet  : Initializing Servlet ''
2024-02-04T16:45:33.351-05:00  INFO 21079 --- [           main] o.s.t.web.servlet.TestDispatcherServlet  : Completed initialization in 0 ms
2024-02-04T16:45:33.356-05:00  INFO 21079 --- [           main] d.v.c.TaxCodesControllerIntegrationTests : Started TaxCodesControllerIntegrationTests in 0.305 seconds (process running for 43.681)
2024-02-04T16:45:33.368-05:00  INFO 21079 --- [           main] j.LocalContainerEntityManagerFactoryBean : Closing JPA EntityManagerFactory for persistence unit 'default'
2024-02-04T16:45:33.368-05:00  INFO 21079 --- [           main] com.zaxxer.hikari.HikariDataSource       : HikariPool-97 - Shutdown initiated...
2024-02-04T16:45:33.370-05:00  INFO 21079 --- [           main] com.zaxxer.hikari.HikariDataSource       : HikariPool-97 - Shutdown completed.
]]></system-out>
  </testcase>
  <testcase name="testThatDeleteTaxCodesReturnsHttpStatus204ForNonExistingTaxCodes" classname="com.dms.variant.controllers.TaxCodesControllerIntegrationTests" time="0.018">
    <system-out><![CDATA[
  .   ____          _            __ _ _
 /\\ / ___'_ __ _ _(_)_ __  __ _ \ \ \ \
( ( )\___ | '_ | '_| | '_ \/ _` | \ \ \ \
 \\/  ___)| |_)| | | | | || (_| |  ) ) ) )
  '  |____| .__|_| |_|_| |_\__, | / / / /
 =========|_|==============|___/=/_/_/_/
 :: Spring Boot ::                (v3.2.1)

2024-02-04T16:45:33.383-05:00  INFO 21079 --- [           main] d.v.c.TaxCodesControllerIntegrationTests : Starting TaxCodesControllerIntegrationTests using Java 17.0.9 with PID 21079 (started by madhav in /home/madhav/Desktop/Variant/backend)
2024-02-04T16:45:33.384-05:00  INFO 21079 --- [           main] d.v.c.TaxCodesControllerIntegrationTests : No active profile set, falling back to 1 default profile: "default"
2024-02-04T16:45:33.450-05:00  INFO 21079 --- [           main] .s.d.r.c.RepositoryConfigurationDelegate : Bootstrapping Spring Data JPA repositories in DEFAULT mode.
2024-02-04T16:45:33.458-05:00  INFO 21079 --- [           main] .s.d.r.c.RepositoryConfigurationDelegate : Finished Spring Data repository scanning in 8 ms. Found 12 JPA repository interfaces.
2024-02-04T16:45:33.494-05:00  INFO 21079 --- [           main] com.zaxxer.hikari.HikariDataSource       : HikariPool-98 - Starting...
2024-02-04T16:45:33.495-05:00  INFO 21079 --- [           main] com.zaxxer.hikari.pool.HikariPool        : HikariPool-98 - Added connection conn960: url=jdbc:h2:mem:testdb user=SA
2024-02-04T16:45:33.496-05:00  INFO 21079 --- [           main] com.zaxxer.hikari.HikariDataSource       : HikariPool-98 - Start completed.
2024-02-04T16:45:33.496-05:00  INFO 21079 --- [           main] o.hibernate.jpa.internal.util.LogHelper  : HHH000204: Processing PersistenceUnitInfo [name: default]
2024-02-04T16:45:33.497-05:00  INFO 21079 --- [           main] o.h.c.internal.RegionFactoryInitiator    : HHH000026: Second-level cache disabled
2024-02-04T16:45:33.499-05:00  INFO 21079 --- [           main] o.s.o.j.p.SpringPersistenceUnitInfo      : No LoadTimeWeaver setup: ignoring JPA class transformer
2024-02-04T16:45:33.561-05:00  INFO 21079 --- [           main] o.h.e.t.j.p.i.JtaPlatformInitiator       : HHH000489: No JTA platform available (set 'hibernate.transaction.jta.platform' to enable JTA platform integration)
2024-02-04T16:45:33.563-05:00  INFO 21079 --- [           main] j.LocalContainerEntityManagerFactoryBean : Initialized JPA EntityManagerFactory for persistence unit 'default'
2024-02-04T16:45:33.619-05:00  WARN 21079 --- [           main] JpaBaseConfiguration$JpaWebConfiguration : spring.jpa.open-in-view is enabled by default. Therefore, database queries may be performed during view rendering. Explicitly configure spring.jpa.open-in-view to disable this warning
2024-02-04T16:45:33.665-05:00  INFO 21079 --- [           main] o.s.b.t.m.w.SpringBootMockServletContext : Initializing Spring TestDispatcherServlet ''
2024-02-04T16:45:33.665-05:00  INFO 21079 --- [           main] o.s.t.web.servlet.TestDispatcherServlet  : Initializing Servlet ''
2024-02-04T16:45:33.665-05:00  INFO 21079 --- [           main] o.s.t.web.servlet.TestDispatcherServlet  : Completed initialization in 0 ms
2024-02-04T16:45:33.670-05:00  INFO 21079 --- [           main] d.v.c.TaxCodesControllerIntegrationTests : Started TaxCodesControllerIntegrationTests in 0.298 seconds (process running for 43.995)
2024-02-04T16:45:33.678-05:00  INFO 21079 --- [           main] j.LocalContainerEntityManagerFactoryBean : Closing JPA EntityManagerFactory for persistence unit 'default'
2024-02-04T16:45:33.679-05:00  INFO 21079 --- [           main] com.zaxxer.hikari.HikariDataSource       : HikariPool-98 - Shutdown initiated...
2024-02-04T16:45:33.688-05:00  INFO 21079 --- [           main] com.zaxxer.hikari.HikariDataSource       : HikariPool-98 - Shutdown completed.
]]></system-out>
  </testcase>
  <testcase name="testThatGetTaxCodesReturnsHttpStatus404WhenNoTaxCodesExists" classname="com.dms.variant.controllers.TaxCodesControllerIntegrationTests" time="0.008">
    <system-out><![CDATA[
  .   ____          _            __ _ _
 /\\ / ___'_ __ _ _(_)_ __  __ _ \ \ \ \
( ( )\___ | '_ | '_| | '_ \/ _` | \ \ \ \
 \\/  ___)| |_)| | | | | || (_| |  ) ) ) )
  '  |____| .__|_| |_|_| |_\__, | / / / /
 =========|_|==============|___/=/_/_/_/
 :: Spring Boot ::                (v3.2.1)

2024-02-04T16:45:33.699-05:00  INFO 21079 --- [           main] d.v.c.TaxCodesControllerIntegrationTests : Starting TaxCodesControllerIntegrationTests using Java 17.0.9 with PID 21079 (started by madhav in /home/madhav/Desktop/Variant/backend)
2024-02-04T16:45:33.699-05:00  INFO 21079 --- [           main] d.v.c.TaxCodesControllerIntegrationTests : No active profile set, falling back to 1 default profile: "default"
2024-02-04T16:45:33.763-05:00  INFO 21079 --- [           main] .s.d.r.c.RepositoryConfigurationDelegate : Bootstrapping Spring Data JPA repositories in DEFAULT mode.
2024-02-04T16:45:33.771-05:00  INFO 21079 --- [           main] .s.d.r.c.RepositoryConfigurationDelegate : Finished Spring Data repository scanning in 7 ms. Found 12 JPA repository interfaces.
2024-02-04T16:45:33.803-05:00  INFO 21079 --- [           main] com.zaxxer.hikari.HikariDataSource       : HikariPool-99 - Starting...
2024-02-04T16:45:33.803-05:00  INFO 21079 --- [           main] com.zaxxer.hikari.pool.HikariPool        : HikariPool-99 - Added connection conn970: url=jdbc:h2:mem:testdb user=SA
2024-02-04T16:45:33.803-05:00  INFO 21079 --- [           main] com.zaxxer.hikari.HikariDataSource       : HikariPool-99 - Start completed.
2024-02-04T16:45:33.804-05:00  INFO 21079 --- [           main] o.hibernate.jpa.internal.util.LogHelper  : HHH000204: Processing PersistenceUnitInfo [name: default]
2024-02-04T16:45:33.805-05:00  INFO 21079 --- [           main] o.h.c.internal.RegionFactoryInitiator    : HHH000026: Second-level cache disabled
2024-02-04T16:45:33.806-05:00  INFO 21079 --- [           main] o.s.o.j.p.SpringPersistenceUnitInfo      : No LoadTimeWeaver setup: ignoring JPA class transformer
2024-02-04T16:45:33.875-05:00  INFO 21079 --- [           main] o.h.e.t.j.p.i.JtaPlatformInitiator       : HHH000489: No JTA platform available (set 'hibernate.transaction.jta.platform' to enable JTA platform integration)
2024-02-04T16:45:33.878-05:00  INFO 21079 --- [           main] j.LocalContainerEntityManagerFactoryBean : Initialized JPA EntityManagerFactory for persistence unit 'default'
2024-02-04T16:45:33.928-05:00  WARN 21079 --- [           main] JpaBaseConfiguration$JpaWebConfiguration : spring.jpa.open-in-view is enabled by default. Therefore, database queries may be performed during view rendering. Explicitly configure spring.jpa.open-in-view to disable this warning
2024-02-04T16:45:33.963-05:00  INFO 21079 --- [           main] o.s.b.t.m.w.SpringBootMockServletContext : Initializing Spring TestDispatcherServlet ''
2024-02-04T16:45:33.963-05:00  INFO 21079 --- [           main] o.s.t.web.servlet.TestDispatcherServlet  : Initializing Servlet ''
2024-02-04T16:45:33.964-05:00  INFO 21079 --- [           main] o.s.t.web.servlet.TestDispatcherServlet  : Completed initialization in 1 ms
2024-02-04T16:45:33.967-05:00  INFO 21079 --- [           main] d.v.c.TaxCodesControllerIntegrationTests : Started TaxCodesControllerIntegrationTests in 0.278 seconds (process running for 44.292)
2024-02-04T16:45:33.974-05:00  INFO 21079 --- [           main] j.LocalContainerEntityManagerFactoryBean : Closing JPA EntityManagerFactory for persistence unit 'default'
2024-02-04T16:45:33.974-05:00  INFO 21079 --- [           main] com.zaxxer.hikari.HikariDataSource       : HikariPool-99 - Shutdown initiated...
2024-02-04T16:45:33.975-05:00  INFO 21079 --- [           main] com.zaxxer.hikari.HikariDataSource       : HikariPool-99 - Shutdown completed.
]]></system-out>
  </testcase>
  <testcase name="testThatListTaxCodesReturnsHttpStatus200" classname="com.dms.variant.controllers.TaxCodesControllerIntegrationTests" time="0.01">
    <system-out><![CDATA[
  .   ____          _            __ _ _
 /\\ / ___'_ __ _ _(_)_ __  __ _ \ \ \ \
( ( )\___ | '_ | '_| | '_ \/ _` | \ \ \ \
 \\/  ___)| |_)| | | | | || (_| |  ) ) ) )
  '  |____| .__|_| |_|_| |_\__, | / / / /
 =========|_|==============|___/=/_/_/_/
 :: Spring Boot ::                (v3.2.1)

2024-02-04T16:45:33.984-05:00  INFO 21079 --- [           main] d.v.c.TaxCodesControllerIntegrationTests : Starting TaxCodesControllerIntegrationTests using Java 17.0.9 with PID 21079 (started by madhav in /home/madhav/Desktop/Variant/backend)
2024-02-04T16:45:33.984-05:00  INFO 21079 --- [           main] d.v.c.TaxCodesControllerIntegrationTests : No active profile set, falling back to 1 default profile: "default"
2024-02-04T16:45:34.034-05:00  INFO 21079 --- [           main] .s.d.r.c.RepositoryConfigurationDelegate : Bootstrapping Spring Data JPA repositories in DEFAULT mode.
2024-02-04T16:45:34.041-05:00  INFO 21079 --- [           main] .s.d.r.c.RepositoryConfigurationDelegate : Finished Spring Data repository scanning in 6 ms. Found 12 JPA repository interfaces.
2024-02-04T16:45:34.069-05:00  INFO 21079 --- [           main] com.zaxxer.hikari.HikariDataSource       : HikariPool-100 - Starting...
2024-02-04T16:45:34.070-05:00  INFO 21079 --- [           main] com.zaxxer.hikari.pool.HikariPool        : HikariPool-100 - Added connection conn978: url=jdbc:h2:mem:testdb user=SA
2024-02-04T16:45:34.070-05:00  INFO 21079 --- [           main] com.zaxxer.hikari.HikariDataSource       : HikariPool-100 - Start completed.
2024-02-04T16:45:34.071-05:00  INFO 21079 --- [           main] o.hibernate.jpa.internal.util.LogHelper  : HHH000204: Processing PersistenceUnitInfo [name: default]
2024-02-04T16:45:34.072-05:00  INFO 21079 --- [           main] o.h.c.internal.RegionFactoryInitiator    : HHH000026: Second-level cache disabled
2024-02-04T16:45:34.073-05:00  INFO 21079 --- [           main] o.s.o.j.p.SpringPersistenceUnitInfo      : No LoadTimeWeaver setup: ignoring JPA class transformer
2024-02-04T16:45:34.122-05:00  INFO 21079 --- [           main] o.h.e.t.j.p.i.JtaPlatformInitiator       : HHH000489: No JTA platform available (set 'hibernate.transaction.jta.platform' to enable JTA platform integration)
2024-02-04T16:45:34.124-05:00  INFO 21079 --- [           main] j.LocalContainerEntityManagerFactoryBean : Initialized JPA EntityManagerFactory for persistence unit 'default'
2024-02-04T16:45:34.172-05:00  WARN 21079 --- [           main] JpaBaseConfiguration$JpaWebConfiguration : spring.jpa.open-in-view is enabled by default. Therefore, database queries may be performed during view rendering. Explicitly configure spring.jpa.open-in-view to disable this warning
2024-02-04T16:45:34.207-05:00  INFO 21079 --- [           main] o.s.b.t.m.w.SpringBootMockServletContext : Initializing Spring TestDispatcherServlet ''
2024-02-04T16:45:34.207-05:00  INFO 21079 --- [           main] o.s.t.web.servlet.TestDispatcherServlet  : Initializing Servlet ''
2024-02-04T16:45:34.207-05:00  INFO 21079 --- [           main] o.s.t.web.servlet.TestDispatcherServlet  : Completed initialization in 0 ms
2024-02-04T16:45:34.211-05:00  INFO 21079 --- [           main] d.v.c.TaxCodesControllerIntegrationTests : Started TaxCodesControllerIntegrationTests in 0.234 seconds (process running for 44.536)
2024-02-04T16:45:34.219-05:00  INFO 21079 --- [           main] j.LocalContainerEntityManagerFactoryBean : Closing JPA EntityManagerFactory for persistence unit 'default'
2024-02-04T16:45:34.220-05:00  INFO 21079 --- [           main] com.zaxxer.hikari.HikariDataSource       : HikariPool-100 - Shutdown initiated...
2024-02-04T16:45:34.222-05:00  INFO 21079 --- [           main] com.zaxxer.hikari.HikariDataSource       : HikariPool-100 - Shutdown completed.
]]></system-out>
  </testcase>
  <testcase name="testThatDeleteTaxCodesReturnsHttpStatus204ForExistingTaxCodes" classname="com.dms.variant.controllers.TaxCodesControllerIntegrationTests" time="0.01">
    <system-out><![CDATA[
  .   ____          _            __ _ _
 /\\ / ___'_ __ _ _(_)_ __  __ _ \ \ \ \
( ( )\___ | '_ | '_| | '_ \/ _` | \ \ \ \
 \\/  ___)| |_)| | | | | || (_| |  ) ) ) )
  '  |____| .__|_| |_|_| |_\__, | / / / /
 =========|_|==============|___/=/_/_/_/
 :: Spring Boot ::                (v3.2.1)

2024-02-04T16:45:34.229-05:00  INFO 21079 --- [           main] d.v.c.TaxCodesControllerIntegrationTests : Starting TaxCodesControllerIntegrationTests using Java 17.0.9 with PID 21079 (started by madhav in /home/madhav/Desktop/Variant/backend)
2024-02-04T16:45:34.229-05:00  INFO 21079 --- [           main] d.v.c.TaxCodesControllerIntegrationTests : No active profile set, falling back to 1 default profile: "default"
2024-02-04T16:45:34.281-05:00  INFO 21079 --- [           main] .s.d.r.c.RepositoryConfigurationDelegate : Bootstrapping Spring Data JPA repositories in DEFAULT mode.
2024-02-04T16:45:34.289-05:00  INFO 21079 --- [           main] .s.d.r.c.RepositoryConfigurationDelegate : Finished Spring Data repository scanning in 7 ms. Found 12 JPA repository interfaces.
2024-02-04T16:45:34.318-05:00  INFO 21079 --- [           main] com.zaxxer.hikari.HikariDataSource       : HikariPool-101 - Starting...
2024-02-04T16:45:34.319-05:00  INFO 21079 --- [           main] com.zaxxer.hikari.pool.HikariPool        : HikariPool-101 - Added connection conn984: url=jdbc:h2:mem:testdb user=SA
2024-02-04T16:45:34.319-05:00  INFO 21079 --- [           main] com.zaxxer.hikari.HikariDataSource       : HikariPool-101 - Start completed.
2024-02-04T16:45:34.320-05:00  INFO 21079 --- [           main] o.hibernate.jpa.internal.util.LogHelper  : HHH000204: Processing PersistenceUnitInfo [name: default]
2024-02-04T16:45:34.321-05:00  INFO 21079 --- [           main] o.h.c.internal.RegionFactoryInitiator    : HHH000026: Second-level cache disabled
2024-02-04T16:45:34.323-05:00  INFO 21079 --- [           main] o.s.o.j.p.SpringPersistenceUnitInfo      : No LoadTimeWeaver setup: ignoring JPA class transformer
2024-02-04T16:45:34.376-05:00  INFO 21079 --- [           main] o.h.e.t.j.p.i.JtaPlatformInitiator       : HHH000489: No JTA platform available (set 'hibernate.transaction.jta.platform' to enable JTA platform integration)
2024-02-04T16:45:34.378-05:00  INFO 21079 --- [           main] j.LocalContainerEntityManagerFactoryBean : Initialized JPA EntityManagerFactory for persistence unit 'default'
2024-02-04T16:45:34.419-05:00  WARN 21079 --- [           main] JpaBaseConfiguration$JpaWebConfiguration : spring.jpa.open-in-view is enabled by default. Therefore, database queries may be performed during view rendering. Explicitly configure spring.jpa.open-in-view to disable this warning
2024-02-04T16:45:34.456-05:00  INFO 21079 --- [           main] o.s.b.t.m.w.SpringBootMockServletContext : Initializing Spring TestDispatcherServlet ''
2024-02-04T16:45:34.456-05:00  INFO 21079 --- [           main] o.s.t.web.servlet.TestDispatcherServlet  : Initializing Servlet ''
2024-02-04T16:45:34.456-05:00  INFO 21079 --- [           main] o.s.t.web.servlet.TestDispatcherServlet  : Completed initialization in 0 ms
2024-02-04T16:45:34.460-05:00  INFO 21079 --- [           main] d.v.c.TaxCodesControllerIntegrationTests : Started TaxCodesControllerIntegrationTests in 0.237 seconds (process running for 44.785)
2024-02-04T16:45:34.468-05:00  INFO 21079 --- [           main] j.LocalContainerEntityManagerFactoryBean : Closing JPA EntityManagerFactory for persistence unit 'default'
2024-02-04T16:45:34.469-05:00  INFO 21079 --- [           main] com.zaxxer.hikari.HikariDataSource       : HikariPool-101 - Shutdown initiated...
2024-02-04T16:45:34.471-05:00  INFO 21079 --- [           main] com.zaxxer.hikari.HikariDataSource       : HikariPool-101 - Shutdown completed.
]]></system-out>
  </testcase>
  <testcase name="testThatGetTaxCodesReturnsTaxCodesWhenTaxCodesExists" classname="com.dms.variant.controllers.TaxCodesControllerIntegrationTests" time="0.018">
    <system-out><![CDATA[
  .   ____          _            __ _ _
 /\\ / ___'_ __ _ _(_)_ __  __ _ \ \ \ \
( ( )\___ | '_ | '_| | '_ \/ _` | \ \ \ \
 \\/  ___)| |_)| | | | | || (_| |  ) ) ) )
  '  |____| .__|_| |_|_| |_\__, | / / / /
 =========|_|==============|___/=/_/_/_/
 :: Spring Boot ::                (v3.2.1)

2024-02-04T16:45:34.481-05:00  INFO 21079 --- [           main] d.v.c.TaxCodesControllerIntegrationTests : Starting TaxCodesControllerIntegrationTests using Java 17.0.9 with PID 21079 (started by madhav in /home/madhav/Desktop/Variant/backend)
2024-02-04T16:45:34.481-05:00  INFO 21079 --- [           main] d.v.c.TaxCodesControllerIntegrationTests : No active profile set, falling back to 1 default profile: "default"
2024-02-04T16:45:34.540-05:00  INFO 21079 --- [           main] .s.d.r.c.RepositoryConfigurationDelegate : Bootstrapping Spring Data JPA repositories in DEFAULT mode.
2024-02-04T16:45:34.547-05:00  INFO 21079 --- [           main] .s.d.r.c.RepositoryConfigurationDelegate : Finished Spring Data repository scanning in 6 ms. Found 12 JPA repository interfaces.
2024-02-04T16:45:34.576-05:00  INFO 21079 --- [           main] com.zaxxer.hikari.HikariDataSource       : HikariPool-102 - Starting...
2024-02-04T16:45:34.577-05:00  INFO 21079 --- [           main] com.zaxxer.hikari.pool.HikariPool        : HikariPool-102 - Added connection conn990: url=jdbc:h2:mem:testdb user=SA
2024-02-04T16:45:34.577-05:00  INFO 21079 --- [           main] com.zaxxer.hikari.HikariDataSource       : HikariPool-102 - Start completed.
2024-02-04T16:45:34.577-05:00  INFO 21079 --- [           main] o.hibernate.jpa.internal.util.LogHelper  : HHH000204: Processing PersistenceUnitInfo [name: default]
2024-02-04T16:45:34.578-05:00  INFO 21079 --- [           main] o.h.c.internal.RegionFactoryInitiator    : HHH000026: Second-level cache disabled
2024-02-04T16:45:34.580-05:00  INFO 21079 --- [           main] o.s.o.j.p.SpringPersistenceUnitInfo      : No LoadTimeWeaver setup: ignoring JPA class transformer
2024-02-04T16:45:34.627-05:00  INFO 21079 --- [           main] o.h.e.t.j.p.i.JtaPlatformInitiator       : HHH000489: No JTA platform available (set 'hibernate.transaction.jta.platform' to enable JTA platform integration)
2024-02-04T16:45:34.629-05:00  INFO 21079 --- [           main] j.LocalContainerEntityManagerFactoryBean : Initialized JPA EntityManagerFactory for persistence unit 'default'
2024-02-04T16:45:34.679-05:00  WARN 21079 --- [           main] JpaBaseConfiguration$JpaWebConfiguration : spring.jpa.open-in-view is enabled by default. Therefore, database queries may be performed during view rendering. Explicitly configure spring.jpa.open-in-view to disable this warning
2024-02-04T16:45:34.715-05:00  INFO 21079 --- [           main] o.s.b.t.m.w.SpringBootMockServletContext : Initializing Spring TestDispatcherServlet ''
2024-02-04T16:45:34.715-05:00  INFO 21079 --- [           main] o.s.t.web.servlet.TestDispatcherServlet  : Initializing Servlet ''
2024-02-04T16:45:34.716-05:00  INFO 21079 --- [           main] o.s.t.web.servlet.TestDispatcherServlet  : Completed initialization in 0 ms
2024-02-04T16:45:34.719-05:00  INFO 21079 --- [           main] d.v.c.TaxCodesControllerIntegrationTests : Started TaxCodesControllerIntegrationTests in 0.247 seconds (process running for 45.044)
2024-02-04T16:45:34.731-05:00  INFO 21079 --- [           main] j.LocalContainerEntityManagerFactoryBean : Closing JPA EntityManagerFactory for persistence unit 'default'
2024-02-04T16:45:34.732-05:00  INFO 21079 --- [           main] com.zaxxer.hikari.HikariDataSource       : HikariPool-102 - Shutdown initiated...
2024-02-04T16:45:34.739-05:00  INFO 21079 --- [           main] com.zaxxer.hikari.HikariDataSource       : HikariPool-102 - Shutdown completed.
]]></system-out>
  </testcase>
</testsuite>